{
  "stats": {
    "suites": 12,
    "tests": 41,
    "passes": 21,
    "pending": 0,
    "failures": 20,
    "start": "2022-08-03T17:02:19.072Z",
    "end": "2022-08-03T17:04:00.011Z",
    "duration": 100939,
    "testsRegistered": 41,
    "passPercent": 51.21951219512195,
    "pendingPercent": 0,
    "other": 0,
    "hasOther": false,
    "skipped": 0,
    "hasSkipped": false
  },
  "results": [
    {
      "uuid": "ab580f9f-86cb-4d1d-924e-af9ec223ae67",
      "title": "",
      "fullFile": "cypress/integration/project.spec.js",
      "file": "cypress/integration/project.spec.js",
      "beforeHooks": [],
      "afterHooks": [],
      "tests": [],
      "suites": [
        {
          "uuid": "ed800755-2ac5-47e7-9468-c57bb1370b78",
          "title": "1 - Adicione à página o título \"Paleta de Cores\"",
          "fullFile": "",
          "file": "",
          "beforeHooks": [],
          "afterHooks": [],
          "tests": [
            {
              "title": "Verifica se contém um elemento `h1` com o id `title` com o título correto",
              "fullTitle": "1 - Adicione à página o título \"Paleta de Cores\" Verifica se contém um elemento `h1` com o id `title` com o título correto",
              "timedOut": null,
              "duration": 231,
              "state": "passed",
              "speed": "slow",
              "pass": true,
              "fail": false,
              "pending": false,
              "context": null,
              "code": "cy.get('h1#title').should('contain.text', 'Paleta de Cores');",
              "err": {},
              "uuid": "dba38465-e93e-4302-a1d9-504aaa0af896",
              "parentUUID": "ed800755-2ac5-47e7-9468-c57bb1370b78",
              "isHook": false,
              "skipped": false
            }
          ],
          "suites": [],
          "passes": [
            "dba38465-e93e-4302-a1d9-504aaa0af896"
          ],
          "failures": [],
          "pending": [],
          "skipped": [],
          "duration": 231,
          "root": false,
          "rootEmpty": false,
          "_timeout": 2000
        },
        {
          "uuid": "4163ac17-383d-4fe6-9df3-76a5b39ca79a",
          "title": "2 - Adicione à página uma paleta contendo quatro cores distintas",
          "fullFile": "",
          "file": "",
          "beforeHooks": [],
          "afterHooks": [],
          "tests": [
            {
              "title": "A paleta de cores deve ser um elemento com `id` denominado `color-palette` e ter mais de 0px de altura e de largura.",
              "fullTitle": "2 - Adicione à página uma paleta contendo quatro cores distintas A paleta de cores deve ser um elemento com `id` denominado `color-palette` e ter mais de 0px de altura e de largura.",
              "timedOut": null,
              "duration": 279,
              "state": "passed",
              "speed": "slow",
              "pass": true,
              "fail": false,
              "pending": false,
              "context": null,
              "code": "cy.get('#color-palette').should('be.visible');\ncy.get('#color-palette').children('.color');",
              "err": {},
              "uuid": "fbd8da71-71db-417b-a5d2-31d059dd57c4",
              "parentUUID": "4163ac17-383d-4fe6-9df3-76a5b39ca79a",
              "isHook": false,
              "skipped": false
            },
            {
              "title": "Verifica se cada cor individual da paleta de cores possui a `classe` chamada `color`.",
              "fullTitle": "2 - Adicione à página uma paleta contendo quatro cores distintas Verifica se cada cor individual da paleta de cores possui a `classe` chamada `color`.",
              "timedOut": null,
              "duration": 242,
              "state": "passed",
              "speed": "slow",
              "pass": true,
              "fail": false,
              "pending": false,
              "context": null,
              "code": "cy.get('.color').should('have.length', 4).then(function (colors) {\n  for (var i = 0; i < colors.length; i++) {\n    cy.wrap(colors[i]).should('be.visible');\n  }\n});",
              "err": {},
              "uuid": "a2095ecc-bb5e-4ad0-9a8d-26f0cd78566c",
              "parentUUID": "4163ac17-383d-4fe6-9df3-76a5b39ca79a",
              "isHook": false,
              "skipped": false
            },
            {
              "title": "Verifica se a cor de fundo de cada elemento da paleta é a cor que o elemento representa. **A única cor não permitida na paleta é a cor branca.**",
              "fullTitle": "2 - Adicione à página uma paleta contendo quatro cores distintas Verifica se a cor de fundo de cada elemento da paleta é a cor que o elemento representa. **A única cor não permitida na paleta é a cor branca.**",
              "timedOut": null,
              "duration": 444,
              "state": "passed",
              "speed": "slow",
              "pass": true,
              "fail": false,
              "pending": false,
              "context": null,
              "code": "cy.get('.color').each(function (color) {\n  cy.wrap(color).should('have.class', 'color').and('not.have.css', 'background-color', WHITE);\n  cy.wrap(color).should('have.css', 'background-color');\n});",
              "err": {},
              "uuid": "3e93bb3c-5a83-449f-87b8-54549c7b3364",
              "parentUUID": "4163ac17-383d-4fe6-9df3-76a5b39ca79a",
              "isHook": false,
              "skipped": false
            },
            {
              "title": "Verifica se cada elemento da paleta de cores tem uma borda preta, sólida e com 1 pixel de largura;",
              "fullTitle": "2 - Adicione à página uma paleta contendo quatro cores distintas Verifica se cada elemento da paleta de cores tem uma borda preta, sólida e com 1 pixel de largura;",
              "timedOut": null,
              "duration": 326,
              "state": "passed",
              "speed": "slow",
              "pass": true,
              "fail": false,
              "pending": false,
              "context": null,
              "code": "cy.get('.color').each(function (color) {\n  cy.wrap(color).and('have.css', 'border', \"1px solid \".concat(BLACK)).and('have.class', 'color');\n});",
              "err": {},
              "uuid": "80985c64-9955-45de-a717-c96fc012a49c",
              "parentUUID": "4163ac17-383d-4fe6-9df3-76a5b39ca79a",
              "isHook": false,
              "skipped": false
            },
            {
              "title": "Verifica se a paleta lista todas as cores disponíveis para utilização, lado a lado.",
              "fullTitle": "2 - Adicione à página uma paleta contendo quatro cores distintas Verifica se a paleta lista todas as cores disponíveis para utilização, lado a lado.",
              "timedOut": null,
              "duration": 210,
              "state": "passed",
              "speed": "slow",
              "pass": true,
              "fail": false,
              "pending": false,
              "context": null,
              "code": "cy.get('.color').then(function (colors) {\n  for (var index = 1; index < colors.length; index += 1) {\n    var currentColor = colors[index];\n    var previousColor = colors[index - 1];\n    cy.wrap(currentColor).should('be.onTheRightOf', previousColor).and('be.horizontallyAlignedWith', previousColor);\n  }\n});",
              "err": {},
              "uuid": "2b6f07c7-a3ba-476a-be41-29630c5b862d",
              "parentUUID": "4163ac17-383d-4fe6-9df3-76a5b39ca79a",
              "isHook": false,
              "skipped": false
            },
            {
              "title": "Verifica se a paleta de cores está posicionada abaixo do título 'Paleta de Cores'",
              "fullTitle": "2 - Adicione à página uma paleta contendo quatro cores distintas Verifica se a paleta de cores está posicionada abaixo do título 'Paleta de Cores'",
              "timedOut": null,
              "duration": 200,
              "state": "passed",
              "speed": "slow",
              "pass": true,
              "fail": false,
              "pending": false,
              "context": null,
              "code": "cy.get('h1#title').then(function (title) {\n  cy.get('#color-palette').should('be.belowOf', title);\n});",
              "err": {},
              "uuid": "422d6bc2-d904-4439-b1eb-9ae0f6bb5e2a",
              "parentUUID": "4163ac17-383d-4fe6-9df3-76a5b39ca79a",
              "isHook": false,
              "skipped": false
            },
            {
              "title": "Verifica se a paleta de cores não contém cores repetidas.",
              "fullTitle": "2 - Adicione à página uma paleta contendo quatro cores distintas Verifica se a paleta de cores não contém cores repetidas.",
              "timedOut": null,
              "duration": 156,
              "state": "passed",
              "speed": "slow",
              "pass": true,
              "fail": false,
              "pending": false,
              "context": null,
              "code": "cy.get('.color').then(function (colors) {\n  var allColors = Array.from(colors).map(function (color) {\n    return Cypress.$(color).css('background-color');\n  });\n  cy.log(allColors);\n  var uniqColors = (0, _toConsumableArray2[\"default\"])(new Set(allColors));\n  cy.log(uniqColors);\n  expect(allColors.length).to.eq(uniqColors.length);\n});",
              "err": {},
              "uuid": "e04a6e3b-eef3-4428-8c6a-10974d72092d",
              "parentUUID": "4163ac17-383d-4fe6-9df3-76a5b39ca79a",
              "isHook": false,
              "skipped": false
            }
          ],
          "suites": [],
          "passes": [
            "fbd8da71-71db-417b-a5d2-31d059dd57c4",
            "a2095ecc-bb5e-4ad0-9a8d-26f0cd78566c",
            "3e93bb3c-5a83-449f-87b8-54549c7b3364",
            "80985c64-9955-45de-a717-c96fc012a49c",
            "2b6f07c7-a3ba-476a-be41-29630c5b862d",
            "422d6bc2-d904-4439-b1eb-9ae0f6bb5e2a",
            "e04a6e3b-eef3-4428-8c6a-10974d72092d"
          ],
          "failures": [],
          "pending": [],
          "skipped": [],
          "duration": 1857,
          "root": false,
          "rootEmpty": false,
          "_timeout": 2000
        },
        {
          "uuid": "3d57ce62-9b54-4ece-97ad-0b8f66245cd5",
          "title": "3 - Adicione a cor **preta** como a primeira cor da paleta de cores",
          "fullFile": "",
          "file": "",
          "beforeHooks": [],
          "afterHooks": [],
          "tests": [
            {
              "title": "Verifica se a primeira cor da paleta é preta",
              "fullTitle": "3 - Adicione a cor **preta** como a primeira cor da paleta de cores Verifica se a primeira cor da paleta é preta",
              "timedOut": null,
              "duration": 212,
              "state": "passed",
              "speed": "slow",
              "pass": true,
              "fail": false,
              "pending": false,
              "context": null,
              "code": "cy.get('.color').first().should('have.css', 'background-color', BLACK);",
              "err": {},
              "uuid": "a7b25f3c-e4ac-4168-b088-a243ad9017f5",
              "parentUUID": "3d57ce62-9b54-4ece-97ad-0b8f66245cd5",
              "isHook": false,
              "skipped": false
            },
            {
              "title": "Verifica se as demais cores podem ser escolhidas livremente.",
              "fullTitle": "3 - Adicione a cor **preta** como a primeira cor da paleta de cores Verifica se as demais cores podem ser escolhidas livremente.",
              "timedOut": null,
              "duration": 448,
              "state": "passed",
              "speed": "slow",
              "pass": true,
              "fail": false,
              "pending": false,
              "context": null,
              "code": "cy.get('.color').eq(1).should('not.have.css', 'background-color', BLACK);\ncy.get('.color').eq(1).should('not.have.css', 'background-color', WHITE);\ncy.get('.color').eq(1).should('not.have.css', 'background-color', 'rgba(0, 0, 0, 0)');\ncy.get('.color').eq(1).should('have.css', 'background-color');\ncy.get('.color').eq(2).should('not.have.css', 'background-color', BLACK);\ncy.get('.color').eq(2).should('not.have.css', 'background-color', WHITE);\ncy.get('.color').eq(2).should('not.have.css', 'background-color', 'rgba(0, 0, 0, 0)');\ncy.get('.color').eq(2).should('have.css', 'background-color');\ncy.get('.color').eq(3).should('not.have.css', 'background-color', BLACK);\ncy.get('.color').eq(3).should('not.have.css', 'background-color', WHITE);\ncy.get('.color').eq(3).should('not.have.css', 'background-color', 'rgba(0, 0, 0, 0)');\ncy.get('.color').eq(3).should('have.css', 'background-color');",
              "err": {},
              "uuid": "50de74da-6278-46b5-aa47-4516e91ce058",
              "parentUUID": "3d57ce62-9b54-4ece-97ad-0b8f66245cd5",
              "isHook": false,
              "skipped": false
            }
          ],
          "suites": [],
          "passes": [
            "a7b25f3c-e4ac-4168-b088-a243ad9017f5",
            "50de74da-6278-46b5-aa47-4516e91ce058"
          ],
          "failures": [],
          "pending": [],
          "skipped": [],
          "duration": 660,
          "root": false,
          "rootEmpty": false,
          "_timeout": 2000
        },
        {
          "uuid": "1b36ad02-28ef-401e-9c77-0f7bafd8456f",
          "title": "4 - Adicione à página um quadro contendo 25 pixels",
          "fullFile": "",
          "file": "",
          "beforeHooks": [],
          "afterHooks": [],
          "tests": [
            {
              "title": "Verifica se o quadro de pixels possui o `id` denominado `pixel-board`",
              "fullTitle": "4 - Adicione à página um quadro contendo 25 pixels Verifica se o quadro de pixels possui o `id` denominado `pixel-board`",
              "timedOut": null,
              "duration": 272,
              "state": "passed",
              "speed": "slow",
              "pass": true,
              "fail": false,
              "pending": false,
              "context": null,
              "code": "cy.get('#pixel-board').should('be.visible');",
              "err": {},
              "uuid": "224a5ea8-131a-4114-aef2-b73bd3cceb53",
              "parentUUID": "1b36ad02-28ef-401e-9c77-0f7bafd8456f",
              "isHook": false,
              "skipped": false
            },
            {
              "title": "Verifica se cada pixel individual dentro do quadro possui a `classe` denominada `pixel`.",
              "fullTitle": "4 - Adicione à página um quadro contendo 25 pixels Verifica se cada pixel individual dentro do quadro possui a `classe` denominada `pixel`.",
              "timedOut": null,
              "duration": 136,
              "state": "passed",
              "speed": "slow",
              "pass": true,
              "fail": false,
              "pending": false,
              "context": null,
              "code": "cy.get('.pixel').should('have.length', 25);",
              "err": {},
              "uuid": "56d855e5-57a5-479d-8574-f8a0f46eaa5d",
              "parentUUID": "1b36ad02-28ef-401e-9c77-0f7bafd8456f",
              "isHook": false,
              "skipped": false
            },
            {
              "title": "Verifica se a cor inicial dos pixels dentro do quadro, ao abrir a página, é branca.",
              "fullTitle": "4 - Adicione à página um quadro contendo 25 pixels Verifica se a cor inicial dos pixels dentro do quadro, ao abrir a página, é branca.",
              "timedOut": null,
              "duration": 317,
              "state": "passed",
              "speed": "slow",
              "pass": true,
              "fail": false,
              "pending": false,
              "context": null,
              "code": "cy.get('.pixel').should('have.length', 25).each(function (pixel) {\n  expect(pixel).to.have.css('background-color', WHITE);\n});",
              "err": {},
              "uuid": "4165ceaa-0853-44bd-ad81-cdb851aa7f61",
              "parentUUID": "1b36ad02-28ef-401e-9c77-0f7bafd8456f",
              "isHook": false,
              "skipped": false
            },
            {
              "title": "Verifica se o quadro de pixels aparece abaixo da paleta de cores",
              "fullTitle": "4 - Adicione à página um quadro contendo 25 pixels Verifica se o quadro de pixels aparece abaixo da paleta de cores",
              "timedOut": null,
              "duration": 176,
              "state": "passed",
              "speed": "slow",
              "pass": true,
              "fail": false,
              "pending": false,
              "context": null,
              "code": "cy.get('#color-palette').then(function (palette) {\n  cy.get('#pixel-board').should('be.belowOf', palette);\n});",
              "err": {},
              "uuid": "8ddb31c9-e334-4ce9-9832-55b9ebd21117",
              "parentUUID": "1b36ad02-28ef-401e-9c77-0f7bafd8456f",
              "isHook": false,
              "skipped": false
            }
          ],
          "suites": [],
          "passes": [
            "224a5ea8-131a-4114-aef2-b73bd3cceb53",
            "56d855e5-57a5-479d-8574-f8a0f46eaa5d",
            "4165ceaa-0853-44bd-ad81-cdb851aa7f61",
            "8ddb31c9-e334-4ce9-9832-55b9ebd21117"
          ],
          "failures": [],
          "pending": [],
          "skipped": [],
          "duration": 901,
          "root": false,
          "rootEmpty": false,
          "_timeout": 2000
        },
        {
          "uuid": "44940025-febd-41b6-9a16-ceee4ca6e452",
          "title": "5 - Faça com que cada elemento do quadro de pixels possua 40 pixels de largura, 40 pixels de altura e seja delimitado por uma borda preta de 1 pixel",
          "fullFile": "",
          "file": "",
          "beforeHooks": [],
          "afterHooks": [],
          "tests": [
            {
              "title": "Verifica se o quadro de pixels tem altura e comprimento de 5 elementos",
              "fullTitle": "5 - Faça com que cada elemento do quadro de pixels possua 40 pixels de largura, 40 pixels de altura e seja delimitado por uma borda preta de 1 pixel Verifica se o quadro de pixels tem altura e comprimento de 5 elementos",
              "timedOut": null,
              "duration": 466,
              "state": "passed",
              "speed": "slow",
              "pass": true,
              "fail": false,
              "pending": false,
              "context": null,
              "code": "cy.get('.pixel').should('have.length', 25).each(function (pixel) {\n  expect(pixel).to.have.css('background-color', WHITE);\n}).and(function (pixels) {\n  var rows = chunk(pixels, 5);\n  rows.forEach(function (row) {\n    for (var index = 1; index < row.length; index += 1) {\n      var current = pixels[index];\n      var previous = pixels[index - 1];\n      cy.wrap(current).should('be.onTheRightOf', previous).and('be.horizontallyAlignedWith', previous);\n    }\n  });\n  for (var index = 1; index < 5; index += 1) {\n    expect(pixels[index * 5]).to.be.belowOf(pixels[(index - 1) * 5]);\n  }\n});",
              "err": {},
              "uuid": "4d7d5615-8954-4059-a292-0071b1f9be9e",
              "parentUUID": "44940025-febd-41b6-9a16-ceee4ca6e452",
              "isHook": false,
              "skipped": false
            },
            {
              "title": "Verifica se 40 pixels é o tamanho total do elemento, incluindo seu conteúdo e excluindo a borda preta, que deve ser criada à parte.",
              "fullTitle": "5 - Faça com que cada elemento do quadro de pixels possua 40 pixels de largura, 40 pixels de altura e seja delimitado por uma borda preta de 1 pixel Verifica se 40 pixels é o tamanho total do elemento, incluindo seu conteúdo e excluindo a borda preta, que deve ser criada à parte.",
              "timedOut": null,
              "duration": 376,
              "state": "passed",
              "speed": "slow",
              "pass": true,
              "fail": false,
              "pending": false,
              "context": null,
              "code": "cy.get('.pixel').each(function (pixel) {\n  cy.wrap(pixel).should('have.css', 'height', '40px').and('have.css', 'width', '40px').and('have.css', 'border', \"1px solid \".concat(BLACK));\n});",
              "err": {},
              "uuid": "ba2642fa-088d-4ae1-a6f6-dbd210725756",
              "parentUUID": "44940025-febd-41b6-9a16-ceee4ca6e452",
              "isHook": false,
              "skipped": false
            }
          ],
          "suites": [],
          "passes": [
            "4d7d5615-8954-4059-a292-0071b1f9be9e",
            "ba2642fa-088d-4ae1-a6f6-dbd210725756"
          ],
          "failures": [],
          "pending": [],
          "skipped": [],
          "duration": 842,
          "root": false,
          "rootEmpty": false,
          "_timeout": 2000
        },
        {
          "uuid": "d4863d5e-a893-4cd4-91a5-456b2c1d2fb2",
          "title": "6 - Defina a cor preta como cor inicial da paleta de cores. Ao carregar a página a cor preta já deve estar selecionada para pintar os pixels",
          "fullFile": "",
          "file": "",
          "beforeHooks": [],
          "afterHooks": [],
          "tests": [
            {
              "title": "Verifica se o elemento da cor preta possui, inicialmente, a `classe` `selected`",
              "fullTitle": "6 - Defina a cor preta como cor inicial da paleta de cores. Ao carregar a página a cor preta já deve estar selecionada para pintar os pixels Verifica se o elemento da cor preta possui, inicialmente, a `classe` `selected`",
              "timedOut": null,
              "duration": 93,
              "state": "passed",
              "speed": "slow",
              "pass": true,
              "fail": false,
              "pending": false,
              "context": null,
              "code": "cy.get('.selected').first().should('have.css', 'background-color', BLACK);",
              "err": {},
              "uuid": "0dee16f3-1bab-4b18-a5f0-a86384c11173",
              "parentUUID": "d4863d5e-a893-4cd4-91a5-456b2c1d2fb2",
              "isHook": false,
              "skipped": false
            },
            {
              "title": "Verifica se nenhuma outra cor da paleta tem a `classe` `selected`",
              "fullTitle": "6 - Defina a cor preta como cor inicial da paleta de cores. Ao carregar a página a cor preta já deve estar selecionada para pintar os pixels Verifica se nenhuma outra cor da paleta tem a `classe` `selected`",
              "timedOut": null,
              "duration": 89,
              "state": "passed",
              "speed": "slow",
              "pass": true,
              "fail": false,
              "pending": false,
              "context": null,
              "code": "cy.get('.color:not(:first-child)').each(function (color) {\n  cy.wrap(color).should('not.have.class', 'selected');\n});",
              "err": {},
              "uuid": "467a1e8d-af87-4121-83ed-220aed5dbf1e",
              "parentUUID": "d4863d5e-a893-4cd4-91a5-456b2c1d2fb2",
              "isHook": false,
              "skipped": false
            }
          ],
          "suites": [],
          "passes": [
            "0dee16f3-1bab-4b18-a5f0-a86384c11173",
            "467a1e8d-af87-4121-83ed-220aed5dbf1e"
          ],
          "failures": [],
          "pending": [],
          "skipped": [],
          "duration": 182,
          "root": false,
          "rootEmpty": false,
          "_timeout": 2000
        },
        {
          "uuid": "18c22ec5-32b2-4e81-a9c6-592dcc9d2312",
          "title": "7 - Crie uma função para selecionar uma cor na paleta de cores e preencher os pixels no quadro",
          "fullFile": "",
          "file": "",
          "beforeHooks": [],
          "afterHooks": [],
          "tests": [
            {
              "title": "Verifica se somente uma cor da paleta de cores tem a classe `selected` de cada vez",
              "fullTitle": "7 - Crie uma função para selecionar uma cor na paleta de cores e preencher os pixels no quadro Verifica se somente uma cor da paleta de cores tem a classe `selected` de cada vez",
              "timedOut": null,
              "duration": 518,
              "state": "passed",
              "speed": "slow",
              "pass": true,
              "fail": false,
              "pending": false,
              "context": null,
              "code": "cy.get('.color').each(function (selectedColor, selectedColorIndex) {\n  cy.wrap(selectedColor).click();\n  cy.get('.color').each(function (color, colorIndex) {\n    if (colorIndex === selectedColorIndex) {\n      expect(color).to.have[\"class\"]('selected');\n    } else {\n      expect(color).not.to.have[\"class\"]('selected');\n    }\n  });\n});",
              "err": {},
              "uuid": "d786f35a-785e-46ee-918b-8df115061d79",
              "parentUUID": "18c22ec5-32b2-4e81-a9c6-592dcc9d2312",
              "isHook": false,
              "skipped": false
            },
            {
              "title": "Verifica se os pixels dentro do quadro não têm a classe `selected` quando são clicados",
              "fullTitle": "7 - Crie uma função para selecionar uma cor na paleta de cores e preencher os pixels no quadro Verifica se os pixels dentro do quadro não têm a classe `selected` quando são clicados",
              "timedOut": null,
              "duration": 9694,
              "state": "passed",
              "speed": "slow",
              "pass": true,
              "fail": false,
              "pending": false,
              "context": null,
              "code": "cy.get('.color').each(function (color) {\n  var backgroundColor = color.css('background-color');\n  cy.wrap(color).click();\n  cy.get('.pixel').each(function (pixel) {\n    cy.wrap(pixel).click().should('not.have.class', 'selected');\n  });\n});",
              "err": {},
              "uuid": "bb4c6d07-4353-4257-aa14-18d5ff460ec8",
              "parentUUID": "18c22ec5-32b2-4e81-a9c6-592dcc9d2312",
              "isHook": false,
              "skipped": false
            }
          ],
          "suites": [],
          "passes": [
            "d786f35a-785e-46ee-918b-8df115061d79",
            "bb4c6d07-4353-4257-aa14-18d5ff460ec8"
          ],
          "failures": [],
          "pending": [],
          "skipped": [],
          "duration": 10212,
          "root": false,
          "rootEmpty": false,
          "_timeout": 2000
        },
        {
          "uuid": "609c703d-51e6-4f02-8fe9-ad38d79d1b08",
          "title": "8 - Crie uma função que permita preencher um pixel do quadro com a cor selecionada na paleta de cores",
          "fullFile": "",
          "file": "",
          "beforeHooks": [],
          "afterHooks": [],
          "tests": [
            {
              "title": "Verifica se ao carregar a página deve ser possível pintar os pixels de preto",
              "fullTitle": "8 - Crie uma função que permita preencher um pixel do quadro com a cor selecionada na paleta de cores Verifica se ao carregar a página deve ser possível pintar os pixels de preto",
              "timedOut": null,
              "duration": 4543,
              "state": "failed",
              "speed": null,
              "pass": false,
              "fail": true,
              "pending": false,
              "context": null,
              "code": "cy.get('.pixel').each(function (pixel) {\n  cy.wrap(pixel).click().should('have.css', 'background-color', BLACK);\n});",
              "err": {
                "message": "CypressError: Timed out retrying: expected '<div.pixel>' to have CSS property 'background-color' with the value 'rgb(0, 0, 0)', but the value was 'rgb(255, 255, 255)'",
                "estack": "CypressError: Timed out retrying: expected '<div.pixel>' to have CSS property 'background-color' with the value 'rgb(0, 0, 0)', but the value was 'rgb(255, 255, 255)'\n    at cypressErr (http://localhost:32993/__cypress/runner/cypress_runner.js:149934:9)\n    at throwErr (http://localhost:32993/__cypress/runner/cypress_runner.js:149867:11)\n    at Object.throwErrByPath (http://localhost:32993/__cypress/runner/cypress_runner.js:149915:3)\n    at retry (http://localhost:32993/__cypress/runner/cypress_runner.js:144197:19)\n    at onFailFn (http://localhost:32993/__cypress/runner/cypress_runner.js:132448:16)\n    at tryCatcher (http://localhost:32993/__cypress/runner/cypress_runner.js:167415:23)\n    at Promise._settlePromiseFromHandler (http://localhost:32993/__cypress/runner/cypress_runner.js:165351:31)\n    at Promise._settlePromise (http://localhost:32993/__cypress/runner/cypress_runner.js:165408:18)\n    at Promise._settlePromise0 (http://localhost:32993/__cypress/runner/cypress_runner.js:165453:10)\n    at Promise._settlePromises (http://localhost:32993/__cypress/runner/cypress_runner.js:165528:18)\n    at Async../node_modules/bluebird/js/release/async.js.Async._drainQueue (http://localhost:32993/__cypress/runner/cypress_runner.js:162140:16)\n    at Async../node_modules/bluebird/js/release/async.js.Async._drainQueues (http://localhost:32993/__cypress/runner/cypress_runner.js:162150:10)\n    at Async.drainQueues (http://localhost:32993/__cypress/runner/cypress_runner.js:162024:14)",
                "diff": null
              },
              "uuid": "9893389b-f12a-41c4-84c7-387f39b0aeb9",
              "parentUUID": "609c703d-51e6-4f02-8fe9-ad38d79d1b08",
              "isHook": false,
              "skipped": false
            },
            {
              "title": "Verifica se após selecionar uma outra cor na paleta, é possível pintar os pixels com essa cor",
              "fullTitle": "8 - Crie uma função que permita preencher um pixel do quadro com a cor selecionada na paleta de cores Verifica se após selecionar uma outra cor na paleta, é possível pintar os pixels com essa cor",
              "timedOut": null,
              "duration": 4862,
              "state": "failed",
              "speed": null,
              "pass": false,
              "fail": true,
              "pending": false,
              "context": null,
              "code": "cy.get('.color').each(function (color) {\n  var backgroundColor = color.css('background-color');\n  cy.wrap(color).click();\n  cy.get('.pixel').each(function (pixel) {\n    cy.wrap(pixel).click().should('have.css', 'background-color', backgroundColor);\n  });\n});",
              "err": {
                "message": "CypressError: Timed out retrying: expected '<div.pixel>' to have CSS property 'background-color' with the value 'rgb(0, 0, 0)', but the value was 'rgb(255, 255, 255)'",
                "estack": "CypressError: Timed out retrying: expected '<div.pixel>' to have CSS property 'background-color' with the value 'rgb(0, 0, 0)', but the value was 'rgb(255, 255, 255)'\n    at cypressErr (http://localhost:32993/__cypress/runner/cypress_runner.js:149934:9)\n    at throwErr (http://localhost:32993/__cypress/runner/cypress_runner.js:149867:11)\n    at Object.throwErrByPath (http://localhost:32993/__cypress/runner/cypress_runner.js:149915:3)\n    at retry (http://localhost:32993/__cypress/runner/cypress_runner.js:144197:19)\n    at onFailFn (http://localhost:32993/__cypress/runner/cypress_runner.js:132448:16)\n    at tryCatcher (http://localhost:32993/__cypress/runner/cypress_runner.js:167415:23)\n    at Promise._settlePromiseFromHandler (http://localhost:32993/__cypress/runner/cypress_runner.js:165351:31)\n    at Promise._settlePromise (http://localhost:32993/__cypress/runner/cypress_runner.js:165408:18)\n    at Promise._settlePromise0 (http://localhost:32993/__cypress/runner/cypress_runner.js:165453:10)\n    at Promise._settlePromises (http://localhost:32993/__cypress/runner/cypress_runner.js:165528:18)\n    at Async../node_modules/bluebird/js/release/async.js.Async._drainQueue (http://localhost:32993/__cypress/runner/cypress_runner.js:162140:16)\n    at Async../node_modules/bluebird/js/release/async.js.Async._drainQueues (http://localhost:32993/__cypress/runner/cypress_runner.js:162150:10)\n    at Async.drainQueues (http://localhost:32993/__cypress/runner/cypress_runner.js:162024:14)",
                "diff": null
              },
              "uuid": "8c178135-ea69-40e5-b8cf-3bbb78a1a4a7",
              "parentUUID": "609c703d-51e6-4f02-8fe9-ad38d79d1b08",
              "isHook": false,
              "skipped": false
            },
            {
              "title": "Verifica se somente o pixel que foi clicado foi preenchido com a cor selecionada, sem influenciar na cor dos demais pixels.",
              "fullTitle": "8 - Crie uma função que permita preencher um pixel do quadro com a cor selecionada na paleta de cores Verifica se somente o pixel que foi clicado foi preenchido com a cor selecionada, sem influenciar na cor dos demais pixels.",
              "timedOut": null,
              "duration": 2081,
              "state": "passed",
              "speed": "slow",
              "pass": true,
              "fail": false,
              "pending": false,
              "context": null,
              "code": "var colorToPixelIndexMap = {\n  0: 6,\n  1: 8,\n  2: 16,\n  3: 18\n};\ncy.get('.color').each(function (color, index) {\n  cy.wrap(color).click();\n  var backgroundColor = color.css('background-color');\n  var clickedPixelIndex = colorToPixelIndexMap[index];\n  cy.get('.pixel').eq(clickedPixelIndex).click();\n  cy.get('.pixel').eq(clickedPixelIndex - 1).should('not.have.css', 'background-color', backgroundColor);\n  cy.get('.pixel').eq(clickedPixelIndex + 1).should('not.have.css', 'background-color', backgroundColor);\n  cy.get('.pixel').eq(clickedPixelIndex - 5).should('not.have.css', 'background-color', backgroundColor);\n  cy.get('.pixel').eq(clickedPixelIndex + 5).should('not.have.css', 'background-color', backgroundColor);\n  cy.get('.pixel').eq(clickedPixelIndex - 6).should('not.have.css', 'background-color', backgroundColor);\n  cy.get('.pixel').eq(clickedPixelIndex - 4).should('not.have.css', 'background-color', backgroundColor);\n  cy.get('.pixel').eq(clickedPixelIndex + 4).should('not.have.css', 'background-color', backgroundColor);\n  cy.get('.pixel').eq(clickedPixelIndex + 6).should('not.have.css', 'background-color', backgroundColor);\n});",
              "err": {},
              "uuid": "588a6e6c-b621-4997-879b-bb280269c734",
              "parentUUID": "609c703d-51e6-4f02-8fe9-ad38d79d1b08",
              "isHook": false,
              "skipped": false
            }
          ],
          "suites": [],
          "passes": [
            "588a6e6c-b621-4997-879b-bb280269c734"
          ],
          "failures": [
            "9893389b-f12a-41c4-84c7-387f39b0aeb9",
            "8c178135-ea69-40e5-b8cf-3bbb78a1a4a7"
          ],
          "pending": [],
          "skipped": [],
          "duration": 11486,
          "root": false,
          "rootEmpty": false,
          "_timeout": 2000
        },
        {
          "uuid": "f2967467-db3e-4081-9d70-691c8207ab79",
          "title": "9 - Crie um botão que, ao ser clicado, limpa o quadro preenchendo a cor de todos seus pixels com branco",
          "fullFile": "",
          "file": "",
          "beforeHooks": [],
          "afterHooks": [],
          "tests": [
            {
              "title": "Verifica se o botão tem o `id` denominado `clear-board`",
              "fullTitle": "9 - Crie um botão que, ao ser clicado, limpa o quadro preenchendo a cor de todos seus pixels com branco Verifica se o botão tem o `id` denominado `clear-board`",
              "timedOut": null,
              "duration": 4517,
              "state": "failed",
              "speed": null,
              "pass": false,
              "fail": true,
              "pending": false,
              "context": null,
              "code": "cy.get('#clear-board').should('be.visible');",
              "err": {
                "message": "CypressError: Timed out retrying: Expected to find element: '#clear-board', but never found it.",
                "estack": "CypressError: Timed out retrying: Expected to find element: '#clear-board', but never found it.\n    at cypressErr (http://localhost:32993/__cypress/runner/cypress_runner.js:149934:9)\n    at throwErr (http://localhost:32993/__cypress/runner/cypress_runner.js:149867:11)\n    at Object.throwErrByPath (http://localhost:32993/__cypress/runner/cypress_runner.js:149915:3)\n    at retry (http://localhost:32993/__cypress/runner/cypress_runner.js:144197:19)\n    at onFailFn (http://localhost:32993/__cypress/runner/cypress_runner.js:132448:16)\n    at tryCatcher (http://localhost:32993/__cypress/runner/cypress_runner.js:167415:23)\n    at Promise._settlePromiseFromHandler (http://localhost:32993/__cypress/runner/cypress_runner.js:165351:31)\n    at Promise._settlePromise (http://localhost:32993/__cypress/runner/cypress_runner.js:165408:18)\n    at Promise._settlePromise0 (http://localhost:32993/__cypress/runner/cypress_runner.js:165453:10)\n    at Promise._settlePromises (http://localhost:32993/__cypress/runner/cypress_runner.js:165528:18)\n    at Async../node_modules/bluebird/js/release/async.js.Async._drainQueue (http://localhost:32993/__cypress/runner/cypress_runner.js:162140:16)\n    at Async../node_modules/bluebird/js/release/async.js.Async._drainQueues (http://localhost:32993/__cypress/runner/cypress_runner.js:162150:10)\n    at Async.drainQueues (http://localhost:32993/__cypress/runner/cypress_runner.js:162024:14)",
                "diff": null
              },
              "uuid": "960417b3-6e5d-4542-a31c-dcbd6f399bac",
              "parentUUID": "f2967467-db3e-4081-9d70-691c8207ab79",
              "isHook": false,
              "skipped": false
            },
            {
              "title": "Verifica se o botão está posicionado entre a paleta de cores e o quadro de pixels",
              "fullTitle": "9 - Crie um botão que, ao ser clicado, limpa o quadro preenchendo a cor de todos seus pixels com branco Verifica se o botão está posicionado entre a paleta de cores e o quadro de pixels",
              "timedOut": null,
              "duration": 4568,
              "state": "failed",
              "speed": null,
              "pass": false,
              "fail": true,
              "pending": false,
              "context": null,
              "code": "cy.get('#color-palette').then(function (palette) {\n  cy.get('#clear-board').should('be.belowOf', palette);\n});\ncy.get('#clear-board').then(function (clearBtn) {\n  cy.get('#pixel-board').should('be.belowOf', clearBtn);\n});",
              "err": {
                "message": "CypressError: Timed out retrying: Expected to find element: '#clear-board', but never found it.",
                "estack": "CypressError: Timed out retrying: Expected to find element: '#clear-board', but never found it.\n    at cypressErr (http://localhost:32993/__cypress/runner/cypress_runner.js:149934:9)\n    at throwErr (http://localhost:32993/__cypress/runner/cypress_runner.js:149867:11)\n    at Object.throwErrByPath (http://localhost:32993/__cypress/runner/cypress_runner.js:149915:3)\n    at retry (http://localhost:32993/__cypress/runner/cypress_runner.js:144197:19)\n    at onFailFn (http://localhost:32993/__cypress/runner/cypress_runner.js:132448:16)\n    at tryCatcher (http://localhost:32993/__cypress/runner/cypress_runner.js:167415:23)\n    at Promise._settlePromiseFromHandler (http://localhost:32993/__cypress/runner/cypress_runner.js:165351:31)\n    at Promise._settlePromise (http://localhost:32993/__cypress/runner/cypress_runner.js:165408:18)\n    at Promise._settlePromise0 (http://localhost:32993/__cypress/runner/cypress_runner.js:165453:10)\n    at Promise._settlePromises (http://localhost:32993/__cypress/runner/cypress_runner.js:165528:18)\n    at Async../node_modules/bluebird/js/release/async.js.Async._drainQueue (http://localhost:32993/__cypress/runner/cypress_runner.js:162140:16)\n    at Async../node_modules/bluebird/js/release/async.js.Async._drainQueues (http://localhost:32993/__cypress/runner/cypress_runner.js:162150:10)\n    at Async.drainQueues (http://localhost:32993/__cypress/runner/cypress_runner.js:162024:14)",
                "diff": null
              },
              "uuid": "9545e335-40c7-42a1-b92a-b38a8511e2d1",
              "parentUUID": "f2967467-db3e-4081-9d70-691c8207ab79",
              "isHook": false,
              "skipped": false
            },
            {
              "title": "Verifica se o texto do botão é 'Limpar'",
              "fullTitle": "9 - Crie um botão que, ao ser clicado, limpa o quadro preenchendo a cor de todos seus pixels com branco Verifica se o texto do botão é 'Limpar'",
              "timedOut": null,
              "duration": 4472,
              "state": "failed",
              "speed": null,
              "pass": false,
              "fail": true,
              "pending": false,
              "context": null,
              "code": "cy.get('#clear-board').should('contain.text', 'Limpar');",
              "err": {
                "message": "CypressError: Timed out retrying: Expected to find element: '#clear-board', but never found it.",
                "estack": "CypressError: Timed out retrying: Expected to find element: '#clear-board', but never found it.\n    at cypressErr (http://localhost:32993/__cypress/runner/cypress_runner.js:149934:9)\n    at throwErr (http://localhost:32993/__cypress/runner/cypress_runner.js:149867:11)\n    at Object.throwErrByPath (http://localhost:32993/__cypress/runner/cypress_runner.js:149915:3)\n    at retry (http://localhost:32993/__cypress/runner/cypress_runner.js:144197:19)\n    at onFailFn (http://localhost:32993/__cypress/runner/cypress_runner.js:132448:16)\n    at tryCatcher (http://localhost:32993/__cypress/runner/cypress_runner.js:167415:23)\n    at Promise._settlePromiseFromHandler (http://localhost:32993/__cypress/runner/cypress_runner.js:165351:31)\n    at Promise._settlePromise (http://localhost:32993/__cypress/runner/cypress_runner.js:165408:18)\n    at Promise._settlePromise0 (http://localhost:32993/__cypress/runner/cypress_runner.js:165453:10)\n    at Promise._settlePromises (http://localhost:32993/__cypress/runner/cypress_runner.js:165528:18)\n    at Async../node_modules/bluebird/js/release/async.js.Async._drainQueue (http://localhost:32993/__cypress/runner/cypress_runner.js:162140:16)\n    at Async../node_modules/bluebird/js/release/async.js.Async._drainQueues (http://localhost:32993/__cypress/runner/cypress_runner.js:162150:10)\n    at Async.drainQueues (http://localhost:32993/__cypress/runner/cypress_runner.js:162024:14)",
                "diff": null
              },
              "uuid": "b109c746-50d0-4ed4-bc8a-daa06c9f53f1",
              "parentUUID": "f2967467-db3e-4081-9d70-691c8207ab79",
              "isHook": false,
              "skipped": false
            },
            {
              "title": "Verifica se ao clicar no botão, o quadro de pixels é totalmente preenchido de branco",
              "fullTitle": "9 - Crie um botão que, ao ser clicado, limpa o quadro preenchendo a cor de todos seus pixels com branco Verifica se ao clicar no botão, o quadro de pixels é totalmente preenchido de branco",
              "timedOut": null,
              "duration": 4583,
              "state": "failed",
              "speed": null,
              "pass": false,
              "fail": true,
              "pending": false,
              "context": null,
              "code": "cy.get('.color').eq(1).then(function (color) {\n  var backgroundColor = color.css('background-color');\n  cy.wrap(color).click();\n  cy.get('.pixel').each(function (pixel) {\n    cy.wrap(pixel).click().should('have.css', 'background-color', backgroundColor);\n  });\n});\ncy.get('#clear-board').click();\ncy.get('.pixel').each(function (pixel) {\n  cy.wrap(pixel).should('have.css', 'background-color', WHITE);\n});",
              "err": {
                "message": "CypressError: Timed out retrying: expected '<div.pixel>' to have CSS property 'background-color' with the value 'rgb(0, 128, 0)', but the value was 'rgb(255, 255, 255)'",
                "estack": "CypressError: Timed out retrying: expected '<div.pixel>' to have CSS property 'background-color' with the value 'rgb(0, 128, 0)', but the value was 'rgb(255, 255, 255)'\n    at cypressErr (http://localhost:32993/__cypress/runner/cypress_runner.js:149934:9)\n    at throwErr (http://localhost:32993/__cypress/runner/cypress_runner.js:149867:11)\n    at Object.throwErrByPath (http://localhost:32993/__cypress/runner/cypress_runner.js:149915:3)\n    at retry (http://localhost:32993/__cypress/runner/cypress_runner.js:144197:19)\n    at onFailFn (http://localhost:32993/__cypress/runner/cypress_runner.js:132448:16)\n    at tryCatcher (http://localhost:32993/__cypress/runner/cypress_runner.js:167415:23)\n    at Promise._settlePromiseFromHandler (http://localhost:32993/__cypress/runner/cypress_runner.js:165351:31)\n    at Promise._settlePromise (http://localhost:32993/__cypress/runner/cypress_runner.js:165408:18)\n    at Promise._settlePromise0 (http://localhost:32993/__cypress/runner/cypress_runner.js:165453:10)\n    at Promise._settlePromises (http://localhost:32993/__cypress/runner/cypress_runner.js:165528:18)\n    at Async../node_modules/bluebird/js/release/async.js.Async._drainQueue (http://localhost:32993/__cypress/runner/cypress_runner.js:162140:16)\n    at Async../node_modules/bluebird/js/release/async.js.Async._drainQueues (http://localhost:32993/__cypress/runner/cypress_runner.js:162150:10)\n    at Async.drainQueues (http://localhost:32993/__cypress/runner/cypress_runner.js:162024:14)",
                "diff": null
              },
              "uuid": "23d24425-1f9e-45b7-890f-983b7136cdc8",
              "parentUUID": "f2967467-db3e-4081-9d70-691c8207ab79",
              "isHook": false,
              "skipped": false
            }
          ],
          "suites": [],
          "passes": [],
          "failures": [
            "960417b3-6e5d-4542-a31c-dcbd6f399bac",
            "9545e335-40c7-42a1-b92a-b38a8511e2d1",
            "b109c746-50d0-4ed4-bc8a-daa06c9f53f1",
            "23d24425-1f9e-45b7-890f-983b7136cdc8"
          ],
          "pending": [],
          "skipped": [],
          "duration": 18140,
          "root": false,
          "rootEmpty": false,
          "_timeout": 2000
        },
        {
          "uuid": "79ffc3aa-a25e-49da-b0b2-bf54e465a03e",
          "title": "10 - Crie um input que permita à pessoa usuária preencher um novo tamanho para o quadro de pixels",
          "fullFile": "",
          "file": "",
          "beforeHooks": [],
          "afterHooks": [],
          "tests": [
            {
              "title": "Verifica se existe um input com o id `board-size`",
              "fullTitle": "10 - Crie um input que permita à pessoa usuária preencher um novo tamanho para o quadro de pixels Verifica se existe um input com o id `board-size`",
              "timedOut": null,
              "duration": 4491,
              "state": "failed",
              "speed": null,
              "pass": false,
              "fail": true,
              "pending": false,
              "context": null,
              "code": "cy.get('#board-size').should('be.visible');",
              "err": {
                "message": "CypressError: Timed out retrying: Expected to find element: '#board-size', but never found it.",
                "estack": "CypressError: Timed out retrying: Expected to find element: '#board-size', but never found it.\n    at cypressErr (http://localhost:32993/__cypress/runner/cypress_runner.js:149934:9)\n    at throwErr (http://localhost:32993/__cypress/runner/cypress_runner.js:149867:11)\n    at Object.throwErrByPath (http://localhost:32993/__cypress/runner/cypress_runner.js:149915:3)\n    at retry (http://localhost:32993/__cypress/runner/cypress_runner.js:144197:19)\n    at onFailFn (http://localhost:32993/__cypress/runner/cypress_runner.js:132448:16)\n    at tryCatcher (http://localhost:32993/__cypress/runner/cypress_runner.js:167415:23)\n    at Promise._settlePromiseFromHandler (http://localhost:32993/__cypress/runner/cypress_runner.js:165351:31)\n    at Promise._settlePromise (http://localhost:32993/__cypress/runner/cypress_runner.js:165408:18)\n    at Promise._settlePromise0 (http://localhost:32993/__cypress/runner/cypress_runner.js:165453:10)\n    at Promise._settlePromises (http://localhost:32993/__cypress/runner/cypress_runner.js:165528:18)\n    at Async../node_modules/bluebird/js/release/async.js.Async._drainQueue (http://localhost:32993/__cypress/runner/cypress_runner.js:162140:16)\n    at Async../node_modules/bluebird/js/release/async.js.Async._drainQueues (http://localhost:32993/__cypress/runner/cypress_runner.js:162150:10)\n    at Async.drainQueues (http://localhost:32993/__cypress/runner/cypress_runner.js:162024:14)",
                "diff": null
              },
              "uuid": "6cd0acae-ad9f-49d1-832e-0c64153dd818",
              "parentUUID": "79ffc3aa-a25e-49da-b0b2-bf54e465a03e",
              "isHook": false,
              "skipped": false
            },
            {
              "title": "Verifica se existe um botão com o id `generate-board`",
              "fullTitle": "10 - Crie um input que permita à pessoa usuária preencher um novo tamanho para o quadro de pixels Verifica se existe um botão com o id `generate-board`",
              "timedOut": null,
              "duration": 4538,
              "state": "failed",
              "speed": null,
              "pass": false,
              "fail": true,
              "pending": false,
              "context": null,
              "code": "cy.get('#generate-board').should('be.visible');",
              "err": {
                "message": "CypressError: Timed out retrying: Expected to find element: '#generate-board', but never found it.",
                "estack": "CypressError: Timed out retrying: Expected to find element: '#generate-board', but never found it.\n    at cypressErr (http://localhost:32993/__cypress/runner/cypress_runner.js:149934:9)\n    at throwErr (http://localhost:32993/__cypress/runner/cypress_runner.js:149867:11)\n    at Object.throwErrByPath (http://localhost:32993/__cypress/runner/cypress_runner.js:149915:3)\n    at retry (http://localhost:32993/__cypress/runner/cypress_runner.js:144197:19)\n    at onFailFn (http://localhost:32993/__cypress/runner/cypress_runner.js:132448:16)\n    at tryCatcher (http://localhost:32993/__cypress/runner/cypress_runner.js:167415:23)\n    at Promise._settlePromiseFromHandler (http://localhost:32993/__cypress/runner/cypress_runner.js:165351:31)\n    at Promise._settlePromise (http://localhost:32993/__cypress/runner/cypress_runner.js:165408:18)\n    at Promise._settlePromise0 (http://localhost:32993/__cypress/runner/cypress_runner.js:165453:10)\n    at Promise._settlePromises (http://localhost:32993/__cypress/runner/cypress_runner.js:165528:18)\n    at Async../node_modules/bluebird/js/release/async.js.Async._drainQueue (http://localhost:32993/__cypress/runner/cypress_runner.js:162140:16)\n    at Async../node_modules/bluebird/js/release/async.js.Async._drainQueues (http://localhost:32993/__cypress/runner/cypress_runner.js:162150:10)\n    at Async.drainQueues (http://localhost:32993/__cypress/runner/cypress_runner.js:162024:14)",
                "diff": null
              },
              "uuid": "078d754e-4d46-45ae-b3bf-ddf109b846c6",
              "parentUUID": "79ffc3aa-a25e-49da-b0b2-bf54e465a03e",
              "isHook": false,
              "skipped": false
            },
            {
              "title": "Verifica se o input só aceita número maiores que zero. Essa restrição deve ser feita usando os atributos do elemento `input`",
              "fullTitle": "10 - Crie um input que permita à pessoa usuária preencher um novo tamanho para o quadro de pixels Verifica se o input só aceita número maiores que zero. Essa restrição deve ser feita usando os atributos do elemento `input`",
              "timedOut": null,
              "duration": 4503,
              "state": "failed",
              "speed": null,
              "pass": false,
              "fail": true,
              "pending": false,
              "context": null,
              "code": "cy.get('#board-size[type=\\'number\\'][min=\\'1\\']');",
              "err": {
                "message": "CypressError: Timed out retrying: Expected to find element: '#board-size[type='number'][min='1']', but never found it.",
                "estack": "CypressError: Timed out retrying: Expected to find element: '#board-size[type='number'][min='1']', but never found it.\n    at cypressErr (http://localhost:32993/__cypress/runner/cypress_runner.js:149934:9)\n    at throwErr (http://localhost:32993/__cypress/runner/cypress_runner.js:149867:11)\n    at Object.throwErrByPath (http://localhost:32993/__cypress/runner/cypress_runner.js:149915:3)\n    at retry (http://localhost:32993/__cypress/runner/cypress_runner.js:144197:19)\n    at onFailFn (http://localhost:32993/__cypress/runner/cypress_runner.js:132448:16)\n    at tryCatcher (http://localhost:32993/__cypress/runner/cypress_runner.js:167415:23)\n    at Promise._settlePromiseFromHandler (http://localhost:32993/__cypress/runner/cypress_runner.js:165351:31)\n    at Promise._settlePromise (http://localhost:32993/__cypress/runner/cypress_runner.js:165408:18)\n    at Promise._settlePromise0 (http://localhost:32993/__cypress/runner/cypress_runner.js:165453:10)\n    at Promise._settlePromises (http://localhost:32993/__cypress/runner/cypress_runner.js:165528:18)\n    at Async../node_modules/bluebird/js/release/async.js.Async._drainQueue (http://localhost:32993/__cypress/runner/cypress_runner.js:162140:16)\n    at Async../node_modules/bluebird/js/release/async.js.Async._drainQueues (http://localhost:32993/__cypress/runner/cypress_runner.js:162150:10)\n    at Async.drainQueues (http://localhost:32993/__cypress/runner/cypress_runner.js:162024:14)",
                "diff": null
              },
              "uuid": "2f911328-c0e8-4949-9c00-e31eac051737",
              "parentUUID": "79ffc3aa-a25e-49da-b0b2-bf54e465a03e",
              "isHook": false,
              "skipped": false
            },
            {
              "title": "Verifica se o botão contém o texto 'VQV'",
              "fullTitle": "10 - Crie um input que permita à pessoa usuária preencher um novo tamanho para o quadro de pixels Verifica se o botão contém o texto 'VQV'",
              "timedOut": null,
              "duration": 4542,
              "state": "failed",
              "speed": null,
              "pass": false,
              "fail": true,
              "pending": false,
              "context": null,
              "code": "cy.get('#generate-board').contains(/vqv/i);",
              "err": {
                "message": "CypressError: Timed out retrying: Expected to find element: '#generate-board', but never found it.",
                "estack": "CypressError: Timed out retrying: Expected to find element: '#generate-board', but never found it.\n    at cypressErr (http://localhost:32993/__cypress/runner/cypress_runner.js:149934:9)\n    at throwErr (http://localhost:32993/__cypress/runner/cypress_runner.js:149867:11)\n    at Object.throwErrByPath (http://localhost:32993/__cypress/runner/cypress_runner.js:149915:3)\n    at retry (http://localhost:32993/__cypress/runner/cypress_runner.js:144197:19)\n    at onFailFn (http://localhost:32993/__cypress/runner/cypress_runner.js:132448:16)\n    at tryCatcher (http://localhost:32993/__cypress/runner/cypress_runner.js:167415:23)\n    at Promise._settlePromiseFromHandler (http://localhost:32993/__cypress/runner/cypress_runner.js:165351:31)\n    at Promise._settlePromise (http://localhost:32993/__cypress/runner/cypress_runner.js:165408:18)\n    at Promise._settlePromise0 (http://localhost:32993/__cypress/runner/cypress_runner.js:165453:10)\n    at Promise._settlePromises (http://localhost:32993/__cypress/runner/cypress_runner.js:165528:18)\n    at Async../node_modules/bluebird/js/release/async.js.Async._drainQueue (http://localhost:32993/__cypress/runner/cypress_runner.js:162140:16)\n    at Async../node_modules/bluebird/js/release/async.js.Async._drainQueues (http://localhost:32993/__cypress/runner/cypress_runner.js:162150:10)\n    at Async.drainQueues (http://localhost:32993/__cypress/runner/cypress_runner.js:162024:14)",
                "diff": null
              },
              "uuid": "64105ef5-b529-49f5-b019-cafa778cb062",
              "parentUUID": "79ffc3aa-a25e-49da-b0b2-bf54e465a03e",
              "isHook": false,
              "skipped": false
            },
            {
              "title": "Verifica se o input está posicionado entre a paleta de cores e o quadro de pixels",
              "fullTitle": "10 - Crie um input que permita à pessoa usuária preencher um novo tamanho para o quadro de pixels Verifica se o input está posicionado entre a paleta de cores e o quadro de pixels",
              "timedOut": null,
              "duration": 4463,
              "state": "failed",
              "speed": null,
              "pass": false,
              "fail": true,
              "pending": false,
              "context": null,
              "code": "cy.get('#color-palette').then(function (palette) {\n  cy.get('#board-size').should('be.belowOf', palette);\n});\ncy.get('#board-size').then(function (palette) {\n  cy.get('#pixel-board').should('be.belowOf', palette);\n});",
              "err": {
                "message": "CypressError: Timed out retrying: Expected to find element: '#board-size', but never found it.",
                "estack": "CypressError: Timed out retrying: Expected to find element: '#board-size', but never found it.\n    at cypressErr (http://localhost:32993/__cypress/runner/cypress_runner.js:149934:9)\n    at throwErr (http://localhost:32993/__cypress/runner/cypress_runner.js:149867:11)\n    at Object.throwErrByPath (http://localhost:32993/__cypress/runner/cypress_runner.js:149915:3)\n    at retry (http://localhost:32993/__cypress/runner/cypress_runner.js:144197:19)\n    at onFailFn (http://localhost:32993/__cypress/runner/cypress_runner.js:132448:16)\n    at tryCatcher (http://localhost:32993/__cypress/runner/cypress_runner.js:167415:23)\n    at Promise._settlePromiseFromHandler (http://localhost:32993/__cypress/runner/cypress_runner.js:165351:31)\n    at Promise._settlePromise (http://localhost:32993/__cypress/runner/cypress_runner.js:165408:18)\n    at Promise._settlePromise0 (http://localhost:32993/__cypress/runner/cypress_runner.js:165453:10)\n    at Promise._settlePromises (http://localhost:32993/__cypress/runner/cypress_runner.js:165528:18)\n    at Async../node_modules/bluebird/js/release/async.js.Async._drainQueue (http://localhost:32993/__cypress/runner/cypress_runner.js:162140:16)\n    at Async../node_modules/bluebird/js/release/async.js.Async._drainQueues (http://localhost:32993/__cypress/runner/cypress_runner.js:162150:10)\n    at Async.drainQueues (http://localhost:32993/__cypress/runner/cypress_runner.js:162024:14)",
                "diff": null
              },
              "uuid": "8caad3b8-3c33-432f-ac6e-570177221920",
              "parentUUID": "79ffc3aa-a25e-49da-b0b2-bf54e465a03e",
              "isHook": false,
              "skipped": false
            },
            {
              "title": "Verifica se o botão está posicionado ao lado do input",
              "fullTitle": "10 - Crie um input que permita à pessoa usuária preencher um novo tamanho para o quadro de pixels Verifica se o botão está posicionado ao lado do input",
              "timedOut": null,
              "duration": 4438,
              "state": "failed",
              "speed": null,
              "pass": false,
              "fail": true,
              "pending": false,
              "context": null,
              "code": "cy.get('#board-size').then(function (board) {\n  cy.get('#generate-board').should('be.onTheRightOf', board);\n});",
              "err": {
                "message": "CypressError: Timed out retrying: Expected to find element: '#board-size', but never found it.",
                "estack": "CypressError: Timed out retrying: Expected to find element: '#board-size', but never found it.\n    at cypressErr (http://localhost:32993/__cypress/runner/cypress_runner.js:149934:9)\n    at throwErr (http://localhost:32993/__cypress/runner/cypress_runner.js:149867:11)\n    at Object.throwErrByPath (http://localhost:32993/__cypress/runner/cypress_runner.js:149915:3)\n    at retry (http://localhost:32993/__cypress/runner/cypress_runner.js:144197:19)\n    at onFailFn (http://localhost:32993/__cypress/runner/cypress_runner.js:132448:16)\n    at tryCatcher (http://localhost:32993/__cypress/runner/cypress_runner.js:167415:23)\n    at Promise._settlePromiseFromHandler (http://localhost:32993/__cypress/runner/cypress_runner.js:165351:31)\n    at Promise._settlePromise (http://localhost:32993/__cypress/runner/cypress_runner.js:165408:18)\n    at Promise._settlePromise0 (http://localhost:32993/__cypress/runner/cypress_runner.js:165453:10)\n    at Promise._settlePromises (http://localhost:32993/__cypress/runner/cypress_runner.js:165528:18)\n    at Async../node_modules/bluebird/js/release/async.js.Async._drainQueue (http://localhost:32993/__cypress/runner/cypress_runner.js:162140:16)\n    at Async../node_modules/bluebird/js/release/async.js.Async._drainQueues (http://localhost:32993/__cypress/runner/cypress_runner.js:162150:10)\n    at Async.drainQueues (http://localhost:32993/__cypress/runner/cypress_runner.js:162024:14)",
                "diff": null
              },
              "uuid": "8845149b-5ad0-4a21-bb91-56275ce11542",
              "parentUUID": "79ffc3aa-a25e-49da-b0b2-bf54e465a03e",
              "isHook": false,
              "skipped": false
            },
            {
              "title": "Verifica se nenhum valor for colocado no input ao clicar no botão, um `alert` é exibido com o texto: 'Board inválido!'",
              "fullTitle": "10 - Crie um input que permita à pessoa usuária preencher um novo tamanho para o quadro de pixels Verifica se nenhum valor for colocado no input ao clicar no botão, um `alert` é exibido com o texto: 'Board inválido!'",
              "timedOut": null,
              "duration": 4460,
              "state": "failed",
              "speed": null,
              "pass": false,
              "fail": true,
              "pending": false,
              "context": null,
              "code": "var alerted = false;\ncy.on('window:alert', function (msg) {\n  return alerted = msg;\n});\ncy.get('#generate-board').click().then(function () {\n  return expect(alerted).to.match(/Board inválido!/i);\n});",
              "err": {
                "message": "CypressError: Timed out retrying: Expected to find element: '#generate-board', but never found it.",
                "estack": "CypressError: Timed out retrying: Expected to find element: '#generate-board', but never found it.\n    at cypressErr (http://localhost:32993/__cypress/runner/cypress_runner.js:149934:9)\n    at throwErr (http://localhost:32993/__cypress/runner/cypress_runner.js:149867:11)\n    at Object.throwErrByPath (http://localhost:32993/__cypress/runner/cypress_runner.js:149915:3)\n    at retry (http://localhost:32993/__cypress/runner/cypress_runner.js:144197:19)\n    at onFailFn (http://localhost:32993/__cypress/runner/cypress_runner.js:132448:16)\n    at tryCatcher (http://localhost:32993/__cypress/runner/cypress_runner.js:167415:23)\n    at Promise._settlePromiseFromHandler (http://localhost:32993/__cypress/runner/cypress_runner.js:165351:31)\n    at Promise._settlePromise (http://localhost:32993/__cypress/runner/cypress_runner.js:165408:18)\n    at Promise._settlePromise0 (http://localhost:32993/__cypress/runner/cypress_runner.js:165453:10)\n    at Promise._settlePromises (http://localhost:32993/__cypress/runner/cypress_runner.js:165528:18)\n    at Async../node_modules/bluebird/js/release/async.js.Async._drainQueue (http://localhost:32993/__cypress/runner/cypress_runner.js:162140:16)\n    at Async../node_modules/bluebird/js/release/async.js.Async._drainQueues (http://localhost:32993/__cypress/runner/cypress_runner.js:162150:10)\n    at Async.drainQueues (http://localhost:32993/__cypress/runner/cypress_runner.js:162024:14)",
                "diff": null
              },
              "uuid": "e048d2b3-1e6d-4633-aaec-2ab118bda49c",
              "parentUUID": "79ffc3aa-a25e-49da-b0b2-bf54e465a03e",
              "isHook": false,
              "skipped": false
            },
            {
              "title": "Verifica se ao clicar no botão com um valor preenchido, o tamanho do board muda.",
              "fullTitle": "10 - Crie um input que permita à pessoa usuária preencher um novo tamanho para o quadro de pixels Verifica se ao clicar no botão com um valor preenchido, o tamanho do board muda.",
              "timedOut": null,
              "duration": 4472,
              "state": "failed",
              "speed": null,
              "pass": false,
              "fail": true,
              "pending": false,
              "context": null,
              "code": "cy.get('#board-size').clear().type(10);\ncy.get('#generate-board').click();\ncy.get('.pixel').should('have.length', 100);",
              "err": {
                "message": "CypressError: Timed out retrying: Expected to find element: '#board-size', but never found it.",
                "estack": "CypressError: Timed out retrying: Expected to find element: '#board-size', but never found it.\n    at cypressErr (http://localhost:32993/__cypress/runner/cypress_runner.js:149934:9)\n    at throwErr (http://localhost:32993/__cypress/runner/cypress_runner.js:149867:11)\n    at Object.throwErrByPath (http://localhost:32993/__cypress/runner/cypress_runner.js:149915:3)\n    at retry (http://localhost:32993/__cypress/runner/cypress_runner.js:144197:19)\n    at onFailFn (http://localhost:32993/__cypress/runner/cypress_runner.js:132448:16)\n    at tryCatcher (http://localhost:32993/__cypress/runner/cypress_runner.js:167415:23)\n    at Promise._settlePromiseFromHandler (http://localhost:32993/__cypress/runner/cypress_runner.js:165351:31)\n    at Promise._settlePromise (http://localhost:32993/__cypress/runner/cypress_runner.js:165408:18)\n    at Promise._settlePromise0 (http://localhost:32993/__cypress/runner/cypress_runner.js:165453:10)\n    at Promise._settlePromises (http://localhost:32993/__cypress/runner/cypress_runner.js:165528:18)\n    at Async../node_modules/bluebird/js/release/async.js.Async._drainQueue (http://localhost:32993/__cypress/runner/cypress_runner.js:162140:16)\n    at Async../node_modules/bluebird/js/release/async.js.Async._drainQueues (http://localhost:32993/__cypress/runner/cypress_runner.js:162150:10)\n    at Async.drainQueues (http://localhost:32993/__cypress/runner/cypress_runner.js:162024:14)",
                "diff": null
              },
              "uuid": "39b6c5e1-d8f9-4e32-8103-4e41c3f4985d",
              "parentUUID": "79ffc3aa-a25e-49da-b0b2-bf54e465a03e",
              "isHook": false,
              "skipped": false
            },
            {
              "title": "Verifica se o novo quadro tem todos os pixels preenchidos com a cor branca",
              "fullTitle": "10 - Crie um input que permita à pessoa usuária preencher um novo tamanho para o quadro de pixels Verifica se o novo quadro tem todos os pixels preenchidos com a cor branca",
              "timedOut": null,
              "duration": 4568,
              "state": "failed",
              "speed": null,
              "pass": false,
              "fail": true,
              "pending": false,
              "context": null,
              "code": "cy.get('#board-size').clear().type(6);\ncy.get('#generate-board').click();\ncy.get('.pixel').should('have.length', 36).each(function (pixel) {\n  expect(pixel).to.have.css('background-color', WHITE);\n});",
              "err": {
                "message": "CypressError: Timed out retrying: Expected to find element: '#board-size', but never found it.",
                "estack": "CypressError: Timed out retrying: Expected to find element: '#board-size', but never found it.\n    at cypressErr (http://localhost:32993/__cypress/runner/cypress_runner.js:149934:9)\n    at throwErr (http://localhost:32993/__cypress/runner/cypress_runner.js:149867:11)\n    at Object.throwErrByPath (http://localhost:32993/__cypress/runner/cypress_runner.js:149915:3)\n    at retry (http://localhost:32993/__cypress/runner/cypress_runner.js:144197:19)\n    at onFailFn (http://localhost:32993/__cypress/runner/cypress_runner.js:132448:16)\n    at tryCatcher (http://localhost:32993/__cypress/runner/cypress_runner.js:167415:23)\n    at Promise._settlePromiseFromHandler (http://localhost:32993/__cypress/runner/cypress_runner.js:165351:31)\n    at Promise._settlePromise (http://localhost:32993/__cypress/runner/cypress_runner.js:165408:18)\n    at Promise._settlePromise0 (http://localhost:32993/__cypress/runner/cypress_runner.js:165453:10)\n    at Promise._settlePromises (http://localhost:32993/__cypress/runner/cypress_runner.js:165528:18)\n    at Async../node_modules/bluebird/js/release/async.js.Async._drainQueue (http://localhost:32993/__cypress/runner/cypress_runner.js:162140:16)\n    at Async../node_modules/bluebird/js/release/async.js.Async._drainQueues (http://localhost:32993/__cypress/runner/cypress_runner.js:162150:10)\n    at Async.drainQueues (http://localhost:32993/__cypress/runner/cypress_runner.js:162024:14)",
                "diff": null
              },
              "uuid": "769f1da3-a23a-4e6a-be70-c01588b81da0",
              "parentUUID": "79ffc3aa-a25e-49da-b0b2-bf54e465a03e",
              "isHook": false,
              "skipped": false
            }
          ],
          "suites": [],
          "passes": [],
          "failures": [
            "6cd0acae-ad9f-49d1-832e-0c64153dd818",
            "078d754e-4d46-45ae-b3bf-ddf109b846c6",
            "2f911328-c0e8-4949-9c00-e31eac051737",
            "64105ef5-b529-49f5-b019-cafa778cb062",
            "8caad3b8-3c33-432f-ac6e-570177221920",
            "8845149b-5ad0-4a21-bb91-56275ce11542",
            "e048d2b3-1e6d-4633-aaec-2ab118bda49c",
            "39b6c5e1-d8f9-4e32-8103-4e41c3f4985d",
            "769f1da3-a23a-4e6a-be70-c01588b81da0"
          ],
          "pending": [],
          "skipped": [],
          "duration": 40475,
          "root": false,
          "rootEmpty": false,
          "_timeout": 2000
        },
        {
          "uuid": "bd094705-df1a-4104-9c7f-02ef01028267",
          "title": "11 - Crie uma função que limite o tamanho mínimo e máximo do quadro de pixels",
          "fullFile": "",
          "file": "",
          "beforeHooks": [],
          "afterHooks": [],
          "tests": [
            {
              "title": "Verifica se a altura máxima do board é 50",
              "fullTitle": "11 - Crie uma função que limite o tamanho mínimo e máximo do quadro de pixels Verifica se a altura máxima do board é 50",
              "timedOut": null,
              "duration": 4493,
              "state": "failed",
              "speed": null,
              "pass": false,
              "fail": true,
              "pending": false,
              "context": null,
              "code": "cy.get('#board-size').clear().type(50);\ncy.get('#generate-board').click();\ncy.get('.pixel').should('have.length', 2500);",
              "err": {
                "message": "CypressError: Timed out retrying: Expected to find element: '#board-size', but never found it.",
                "estack": "CypressError: Timed out retrying: Expected to find element: '#board-size', but never found it.\n    at cypressErr (http://localhost:32993/__cypress/runner/cypress_runner.js:149934:9)\n    at throwErr (http://localhost:32993/__cypress/runner/cypress_runner.js:149867:11)\n    at Object.throwErrByPath (http://localhost:32993/__cypress/runner/cypress_runner.js:149915:3)\n    at retry (http://localhost:32993/__cypress/runner/cypress_runner.js:144197:19)\n    at onFailFn (http://localhost:32993/__cypress/runner/cypress_runner.js:132448:16)\n    at tryCatcher (http://localhost:32993/__cypress/runner/cypress_runner.js:167415:23)\n    at Promise._settlePromiseFromHandler (http://localhost:32993/__cypress/runner/cypress_runner.js:165351:31)\n    at Promise._settlePromise (http://localhost:32993/__cypress/runner/cypress_runner.js:165408:18)\n    at Promise._settlePromise0 (http://localhost:32993/__cypress/runner/cypress_runner.js:165453:10)\n    at Promise._settlePromises (http://localhost:32993/__cypress/runner/cypress_runner.js:165528:18)\n    at Async../node_modules/bluebird/js/release/async.js.Async._drainQueue (http://localhost:32993/__cypress/runner/cypress_runner.js:162140:16)\n    at Async../node_modules/bluebird/js/release/async.js.Async._drainQueues (http://localhost:32993/__cypress/runner/cypress_runner.js:162150:10)\n    at Async.drainQueues (http://localhost:32993/__cypress/runner/cypress_runner.js:162024:14)",
                "diff": null
              },
              "uuid": "82cc79f6-0d53-44b7-b2d5-d09a7f394299",
              "parentUUID": "bd094705-df1a-4104-9c7f-02ef01028267",
              "isHook": false,
              "skipped": false
            },
            {
              "title": "Verifica se a altura do board é 5 quando um valor menor é colocado no input",
              "fullTitle": "11 - Crie uma função que limite o tamanho mínimo e máximo do quadro de pixels Verifica se a altura do board é 5 quando um valor menor é colocado no input",
              "timedOut": null,
              "duration": 4481,
              "state": "failed",
              "speed": null,
              "pass": false,
              "fail": true,
              "pending": false,
              "context": null,
              "code": "cy.get('#board-size').clear().type(4);\ncy.get('#generate-board').click();\ncy.get('.pixel').should('have.length', 25);",
              "err": {
                "message": "CypressError: Timed out retrying: Expected to find element: '#board-size', but never found it.",
                "estack": "CypressError: Timed out retrying: Expected to find element: '#board-size', but never found it.\n    at cypressErr (http://localhost:32993/__cypress/runner/cypress_runner.js:149934:9)\n    at throwErr (http://localhost:32993/__cypress/runner/cypress_runner.js:149867:11)\n    at Object.throwErrByPath (http://localhost:32993/__cypress/runner/cypress_runner.js:149915:3)\n    at retry (http://localhost:32993/__cypress/runner/cypress_runner.js:144197:19)\n    at onFailFn (http://localhost:32993/__cypress/runner/cypress_runner.js:132448:16)\n    at tryCatcher (http://localhost:32993/__cypress/runner/cypress_runner.js:167415:23)\n    at Promise._settlePromiseFromHandler (http://localhost:32993/__cypress/runner/cypress_runner.js:165351:31)\n    at Promise._settlePromise (http://localhost:32993/__cypress/runner/cypress_runner.js:165408:18)\n    at Promise._settlePromise0 (http://localhost:32993/__cypress/runner/cypress_runner.js:165453:10)\n    at Promise._settlePromises (http://localhost:32993/__cypress/runner/cypress_runner.js:165528:18)\n    at Async../node_modules/bluebird/js/release/async.js.Async._drainQueue (http://localhost:32993/__cypress/runner/cypress_runner.js:162140:16)\n    at Async../node_modules/bluebird/js/release/async.js.Async._drainQueues (http://localhost:32993/__cypress/runner/cypress_runner.js:162150:10)\n    at Async.drainQueues (http://localhost:32993/__cypress/runner/cypress_runner.js:162024:14)",
                "diff": null
              },
              "uuid": "ae1c198d-8fb7-4e9a-93ce-fca92af64142",
              "parentUUID": "bd094705-df1a-4104-9c7f-02ef01028267",
              "isHook": false,
              "skipped": false
            },
            {
              "title": "Verifica se a altura do board é 50 quando um valor maior é colocado no input",
              "fullTitle": "11 - Crie uma função que limite o tamanho mínimo e máximo do quadro de pixels Verifica se a altura do board é 50 quando um valor maior é colocado no input",
              "timedOut": null,
              "duration": 4432,
              "state": "failed",
              "speed": null,
              "pass": false,
              "fail": true,
              "pending": false,
              "context": null,
              "code": "cy.get('#board-size').clear().type(51);\ncy.get('#generate-board').click();\ncy.get('.pixel').should('have.length', 2500);",
              "err": {
                "message": "CypressError: Timed out retrying: Expected to find element: '#board-size', but never found it.",
                "estack": "CypressError: Timed out retrying: Expected to find element: '#board-size', but never found it.\n    at cypressErr (http://localhost:32993/__cypress/runner/cypress_runner.js:149934:9)\n    at throwErr (http://localhost:32993/__cypress/runner/cypress_runner.js:149867:11)\n    at Object.throwErrByPath (http://localhost:32993/__cypress/runner/cypress_runner.js:149915:3)\n    at retry (http://localhost:32993/__cypress/runner/cypress_runner.js:144197:19)\n    at onFailFn (http://localhost:32993/__cypress/runner/cypress_runner.js:132448:16)\n    at tryCatcher (http://localhost:32993/__cypress/runner/cypress_runner.js:167415:23)\n    at Promise._settlePromiseFromHandler (http://localhost:32993/__cypress/runner/cypress_runner.js:165351:31)\n    at Promise._settlePromise (http://localhost:32993/__cypress/runner/cypress_runner.js:165408:18)\n    at Promise._settlePromise0 (http://localhost:32993/__cypress/runner/cypress_runner.js:165453:10)\n    at Promise._settlePromises (http://localhost:32993/__cypress/runner/cypress_runner.js:165528:18)\n    at Async../node_modules/bluebird/js/release/async.js.Async._drainQueue (http://localhost:32993/__cypress/runner/cypress_runner.js:162140:16)\n    at Async../node_modules/bluebird/js/release/async.js.Async._drainQueues (http://localhost:32993/__cypress/runner/cypress_runner.js:162150:10)\n    at Async.drainQueues (http://localhost:32993/__cypress/runner/cypress_runner.js:162024:14)",
                "diff": null
              },
              "uuid": "38d8f8e8-5667-4a52-b4c1-e01187ea72ce",
              "parentUUID": "bd094705-df1a-4104-9c7f-02ef01028267",
              "isHook": false,
              "skipped": false
            }
          ],
          "suites": [],
          "passes": [],
          "failures": [
            "82cc79f6-0d53-44b7-b2d5-d09a7f394299",
            "ae1c198d-8fb7-4e9a-93ce-fca92af64142",
            "38d8f8e8-5667-4a52-b4c1-e01187ea72ce"
          ],
          "pending": [],
          "skipped": [],
          "duration": 13406,
          "root": false,
          "rootEmpty": false,
          "_timeout": 2000
        },
        {
          "uuid": "bc086cbb-1ecd-41c5-8b20-9bad2cb7f63c",
          "title": "12 - Crie uma função para gerar as cores aleatoriamente ao carregar a página, com exceção da cor preta",
          "fullFile": "",
          "file": "",
          "beforeHooks": [],
          "afterHooks": [],
          "tests": [
            {
              "title": "Verifica se as cores geradas na paleta são diferentes a cada carregamento da página",
              "fullTitle": "12 - Crie uma função para gerar as cores aleatoriamente ao carregar a página, com exceção da cor preta Verifica se as cores geradas na paleta são diferentes a cada carregamento da página",
              "timedOut": null,
              "duration": 596,
              "state": "failed",
              "speed": null,
              "pass": false,
              "fail": true,
              "pending": false,
              "context": null,
              "code": "cy.get('.color').then(function (colors) {\n  var currentColors;\n  var previousColors;\n  previousColors = Array.from(colors).map(function (color) {\n    return Cypress.$(color).css('background-color');\n  });\n  for (var i = 0; i < 5; i += 1) {\n    cy.reload();\n    cy.get('.color').then(function (colors) {\n      currentColors = Array.from(colors).map(function (color) {\n        return Cypress.$(color).css('background-color');\n      });\n      expect(currentColors).not.to.deep.equal(previousColors);\n      previousColors = currentColors;\n    });\n  }\n});",
              "err": {
                "message": "AssertionError: expected [ Array(4) ] to not deeply equal [ Array(4) ]",
                "estack": "AssertionError: expected [ Array(4) ] to not deeply equal [ Array(4) ]\n    at getRet (http://localhost:32993/__cypress/runner/cypress_runner.js:136585:16)\n    at tryCatcher (http://localhost:32993/__cypress/runner/cypress_runner.js:167415:23)\n    at Function.Promise.attempt.Promise.try (http://localhost:32993/__cypress/runner/cypress_runner.js:164690:29)\n    at Context.thenFn (http://localhost:32993/__cypress/runner/cypress_runner.js:136599:23)\n    at Context.then (http://localhost:32993/__cypress/runner/cypress_runner.js:136971:21)\n    at Context.<anonymous> (http://localhost:32993/__cypress/runner/cypress_runner.js:148875:21)\n    at http://localhost:32993/__cypress/runner/cypress_runner.js:148351:33\n    at tryCatcher (http://localhost:32993/__cypress/runner/cypress_runner.js:167415:23)\n    at Promise._settlePromiseFromHandler (http://localhost:32993/__cypress/runner/cypress_runner.js:165351:31)\n    at Promise._settlePromise (http://localhost:32993/__cypress/runner/cypress_runner.js:165408:18)\n    at Promise._settlePromiseCtx (http://localhost:32993/__cypress/runner/cypress_runner.js:165445:10)\n    at Async../node_modules/bluebird/js/release/async.js.Async._drainQueue (http://localhost:32993/__cypress/runner/cypress_runner.js:162145:12)\n    at Async../node_modules/bluebird/js/release/async.js.Async._drainQueues (http://localhost:32993/__cypress/runner/cypress_runner.js:162150:10)\n    at Async.drainQueues (http://localhost:32993/__cypress/runner/cypress_runner.js:162024:14)",
                "diff": ""
              },
              "uuid": "7bd5768d-937e-4059-af14-875cf6534613",
              "parentUUID": "bc086cbb-1ecd-41c5-8b20-9bad2cb7f63c",
              "isHook": false,
              "skipped": false
            },
            {
              "title": "Verifica se a cor preta ainda está presente e é a primeira na sua paleta de cores",
              "fullTitle": "12 - Crie uma função para gerar as cores aleatoriamente ao carregar a página, com exceção da cor preta Verifica se a cor preta ainda está presente e é a primeira na sua paleta de cores",
              "timedOut": null,
              "duration": 498,
              "state": "failed",
              "speed": null,
              "pass": false,
              "fail": true,
              "pending": false,
              "context": null,
              "code": "cy.get('.color').then(function (colors) {\n  var currentColors;\n  var previousColors;\n  previousColors = Array.from(colors).map(function (color) {\n    return Cypress.$(color).css('background-color');\n  });\n  expect(previousColors[0]).to.eq(BLACK);\n  for (var i = 0; i < 5; i += 1) {\n    cy.reload();\n    cy.get('.color').then(function (colors) {\n      currentColors = Array.from(colors).map(function (color) {\n        return Cypress.$(color).css('background-color');\n      });\n      expect(currentColors[0]).to.eq(BLACK);\n      expect(currentColors).not.to.deep.equal(previousColors);\n      previousColors = currentColors;\n    });\n  }\n});",
              "err": {
                "message": "AssertionError: expected [ Array(4) ] to not deeply equal [ Array(4) ]",
                "estack": "AssertionError: expected [ Array(4) ] to not deeply equal [ Array(4) ]\n    at getRet (http://localhost:32993/__cypress/runner/cypress_runner.js:136585:16)\n    at tryCatcher (http://localhost:32993/__cypress/runner/cypress_runner.js:167415:23)\n    at Function.Promise.attempt.Promise.try (http://localhost:32993/__cypress/runner/cypress_runner.js:164690:29)\n    at Context.thenFn (http://localhost:32993/__cypress/runner/cypress_runner.js:136599:23)\n    at Context.then (http://localhost:32993/__cypress/runner/cypress_runner.js:136971:21)\n    at Context.<anonymous> (http://localhost:32993/__cypress/runner/cypress_runner.js:148875:21)\n    at http://localhost:32993/__cypress/runner/cypress_runner.js:148351:33\n    at tryCatcher (http://localhost:32993/__cypress/runner/cypress_runner.js:167415:23)\n    at Promise._settlePromiseFromHandler (http://localhost:32993/__cypress/runner/cypress_runner.js:165351:31)\n    at Promise._settlePromise (http://localhost:32993/__cypress/runner/cypress_runner.js:165408:18)\n    at Promise._settlePromiseCtx (http://localhost:32993/__cypress/runner/cypress_runner.js:165445:10)\n    at Async../node_modules/bluebird/js/release/async.js.Async._drainQueue (http://localhost:32993/__cypress/runner/cypress_runner.js:162145:12)\n    at Async../node_modules/bluebird/js/release/async.js.Async._drainQueues (http://localhost:32993/__cypress/runner/cypress_runner.js:162150:10)\n    at Async.drainQueues (http://localhost:32993/__cypress/runner/cypress_runner.js:162024:14)",
                "diff": ""
              },
              "uuid": "54eab48c-5687-4e3a-a4b2-e48f775785ad",
              "parentUUID": "bc086cbb-1ecd-41c5-8b20-9bad2cb7f63c",
              "isHook": false,
              "skipped": false
            }
          ],
          "suites": [],
          "passes": [],
          "failures": [
            "7bd5768d-937e-4059-af14-875cf6534613",
            "54eab48c-5687-4e3a-a4b2-e48f775785ad"
          ],
          "pending": [],
          "skipped": [],
          "duration": 1094,
          "root": false,
          "rootEmpty": false,
          "_timeout": 2000
        }
      ],
      "passes": [],
      "failures": [],
      "pending": [],
      "skipped": [],
      "duration": 0,
      "root": true,
      "rootEmpty": true,
      "_timeout": 2000
    }
  ],
  "meta": {
    "mocha": {
      "version": "7.0.1"
    },
    "mochawesome": {
      "options": {
        "quiet": false,
        "reportFilename": "mochawesome",
        "saveHtml": false,
        "saveJson": true,
        "consoleReporter": "spec",
        "useInlineDiffs": false
      },
      "version": "4.1.0"
    },
    "marge": {
      "options": {
        "id": "default",
        "reportDir": "cypress/reports",
        "overwrite": true,
        "html": false,
        "json": true
      },
      "version": "4.1.0"
    }
  }
}