{
  "stats": {
    "suites": 12,
    "tests": 41,
    "passes": 27,
    "pending": 0,
    "failures": 14,
    "start": "2022-08-03T21:00:10.092Z",
    "end": "2022-08-03T21:01:36.806Z",
    "duration": 86714,
    "testsRegistered": 41,
    "passPercent": 65.85365853658537,
    "pendingPercent": 0,
    "other": 0,
    "hasOther": false,
    "skipped": 0,
    "hasSkipped": false
  },
  "results": [
    {
      "uuid": "491e80c4-9789-4d9f-867f-cda143d67625",
      "title": "",
      "fullFile": "cypress/integration/project.spec.js",
      "file": "cypress/integration/project.spec.js",
      "beforeHooks": [],
      "afterHooks": [],
      "tests": [],
      "suites": [
        {
          "uuid": "08d2e20f-fca0-4567-a690-c62e453228a0",
          "title": "1 - Adicione à página o título \"Paleta de Cores\"",
          "fullFile": "",
          "file": "",
          "beforeHooks": [],
          "afterHooks": [],
          "tests": [
            {
              "title": "Verifica se contém um elemento `h1` com o id `title` com o título correto",
              "fullTitle": "1 - Adicione à página o título \"Paleta de Cores\" Verifica se contém um elemento `h1` com o id `title` com o título correto",
              "timedOut": null,
              "duration": 232,
              "state": "passed",
              "speed": "slow",
              "pass": true,
              "fail": false,
              "pending": false,
              "context": null,
              "code": "cy.get('h1#title').should('contain.text', 'Paleta de Cores');",
              "err": {},
              "uuid": "a533df8c-1245-4a8a-a2ba-2656912dff56",
              "parentUUID": "08d2e20f-fca0-4567-a690-c62e453228a0",
              "isHook": false,
              "skipped": false
            }
          ],
          "suites": [],
          "passes": [
            "a533df8c-1245-4a8a-a2ba-2656912dff56"
          ],
          "failures": [],
          "pending": [],
          "skipped": [],
          "duration": 232,
          "root": false,
          "rootEmpty": false,
          "_timeout": 2000
        },
        {
          "uuid": "d23ff273-e913-4614-948b-0edb2f798a59",
          "title": "2 - Adicione à página uma paleta contendo quatro cores distintas",
          "fullFile": "",
          "file": "",
          "beforeHooks": [],
          "afterHooks": [],
          "tests": [
            {
              "title": "A paleta de cores deve ser um elemento com `id` denominado `color-palette` e ter mais de 0px de altura e de largura.",
              "fullTitle": "2 - Adicione à página uma paleta contendo quatro cores distintas A paleta de cores deve ser um elemento com `id` denominado `color-palette` e ter mais de 0px de altura e de largura.",
              "timedOut": null,
              "duration": 216,
              "state": "passed",
              "speed": "slow",
              "pass": true,
              "fail": false,
              "pending": false,
              "context": null,
              "code": "cy.get('#color-palette').should('be.visible');\ncy.get('#color-palette').children('.color');",
              "err": {},
              "uuid": "ce1888c6-5809-4d21-9e63-c67f2e935fdd",
              "parentUUID": "d23ff273-e913-4614-948b-0edb2f798a59",
              "isHook": false,
              "skipped": false
            },
            {
              "title": "Verifica se cada cor individual da paleta de cores possui a `classe` chamada `color`.",
              "fullTitle": "2 - Adicione à página uma paleta contendo quatro cores distintas Verifica se cada cor individual da paleta de cores possui a `classe` chamada `color`.",
              "timedOut": null,
              "duration": 185,
              "state": "passed",
              "speed": "slow",
              "pass": true,
              "fail": false,
              "pending": false,
              "context": null,
              "code": "cy.get('.color').should('have.length', 4).then(function (colors) {\n  for (var i = 0; i < colors.length; i++) {\n    cy.wrap(colors[i]).should('be.visible');\n  }\n});",
              "err": {},
              "uuid": "69089a55-52d9-4982-99cb-ee2424b9ba76",
              "parentUUID": "d23ff273-e913-4614-948b-0edb2f798a59",
              "isHook": false,
              "skipped": false
            },
            {
              "title": "Verifica se a cor de fundo de cada elemento da paleta é a cor que o elemento representa. **A única cor não permitida na paleta é a cor branca.**",
              "fullTitle": "2 - Adicione à página uma paleta contendo quatro cores distintas Verifica se a cor de fundo de cada elemento da paleta é a cor que o elemento representa. **A única cor não permitida na paleta é a cor branca.**",
              "timedOut": null,
              "duration": 224,
              "state": "passed",
              "speed": "slow",
              "pass": true,
              "fail": false,
              "pending": false,
              "context": null,
              "code": "cy.get('.color').each(function (color) {\n  cy.wrap(color).should('have.class', 'color').and('not.have.css', 'background-color', WHITE);\n  cy.wrap(color).should('have.css', 'background-color');\n});",
              "err": {},
              "uuid": "94c86823-9413-488b-ac52-03c829cb77ef",
              "parentUUID": "d23ff273-e913-4614-948b-0edb2f798a59",
              "isHook": false,
              "skipped": false
            },
            {
              "title": "Verifica se cada elemento da paleta de cores tem uma borda preta, sólida e com 1 pixel de largura;",
              "fullTitle": "2 - Adicione à página uma paleta contendo quatro cores distintas Verifica se cada elemento da paleta de cores tem uma borda preta, sólida e com 1 pixel de largura;",
              "timedOut": null,
              "duration": 235,
              "state": "passed",
              "speed": "slow",
              "pass": true,
              "fail": false,
              "pending": false,
              "context": null,
              "code": "cy.get('.color').each(function (color) {\n  cy.wrap(color).and('have.css', 'border', \"1px solid \".concat(BLACK)).and('have.class', 'color');\n});",
              "err": {},
              "uuid": "95a02707-0911-456a-9a28-4c9311acd224",
              "parentUUID": "d23ff273-e913-4614-948b-0edb2f798a59",
              "isHook": false,
              "skipped": false
            },
            {
              "title": "Verifica se a paleta lista todas as cores disponíveis para utilização, lado a lado.",
              "fullTitle": "2 - Adicione à página uma paleta contendo quatro cores distintas Verifica se a paleta lista todas as cores disponíveis para utilização, lado a lado.",
              "timedOut": null,
              "duration": 120,
              "state": "passed",
              "speed": "slow",
              "pass": true,
              "fail": false,
              "pending": false,
              "context": null,
              "code": "cy.get('.color').then(function (colors) {\n  for (var index = 1; index < colors.length; index += 1) {\n    var currentColor = colors[index];\n    var previousColor = colors[index - 1];\n    cy.wrap(currentColor).should('be.onTheRightOf', previousColor).and('be.horizontallyAlignedWith', previousColor);\n  }\n});",
              "err": {},
              "uuid": "211d6069-2a7b-41bd-bd3f-acec3b890b0d",
              "parentUUID": "d23ff273-e913-4614-948b-0edb2f798a59",
              "isHook": false,
              "skipped": false
            },
            {
              "title": "Verifica se a paleta de cores está posicionada abaixo do título 'Paleta de Cores'",
              "fullTitle": "2 - Adicione à página uma paleta contendo quatro cores distintas Verifica se a paleta de cores está posicionada abaixo do título 'Paleta de Cores'",
              "timedOut": null,
              "duration": 117,
              "state": "passed",
              "speed": "slow",
              "pass": true,
              "fail": false,
              "pending": false,
              "context": null,
              "code": "cy.get('h1#title').then(function (title) {\n  cy.get('#color-palette').should('be.belowOf', title);\n});",
              "err": {},
              "uuid": "68cad8b4-ae4c-413f-a35a-8dfc55762f38",
              "parentUUID": "d23ff273-e913-4614-948b-0edb2f798a59",
              "isHook": false,
              "skipped": false
            },
            {
              "title": "Verifica se a paleta de cores não contém cores repetidas.",
              "fullTitle": "2 - Adicione à página uma paleta contendo quatro cores distintas Verifica se a paleta de cores não contém cores repetidas.",
              "timedOut": null,
              "duration": 99,
              "state": "passed",
              "speed": "slow",
              "pass": true,
              "fail": false,
              "pending": false,
              "context": null,
              "code": "cy.get('.color').then(function (colors) {\n  var allColors = Array.from(colors).map(function (color) {\n    return Cypress.$(color).css('background-color');\n  });\n  cy.log(allColors);\n  var uniqColors = (0, _toConsumableArray2[\"default\"])(new Set(allColors));\n  cy.log(uniqColors);\n  expect(allColors.length).to.eq(uniqColors.length);\n});",
              "err": {},
              "uuid": "71340400-33e9-486d-b725-617cff01b88d",
              "parentUUID": "d23ff273-e913-4614-948b-0edb2f798a59",
              "isHook": false,
              "skipped": false
            }
          ],
          "suites": [],
          "passes": [
            "ce1888c6-5809-4d21-9e63-c67f2e935fdd",
            "69089a55-52d9-4982-99cb-ee2424b9ba76",
            "94c86823-9413-488b-ac52-03c829cb77ef",
            "95a02707-0911-456a-9a28-4c9311acd224",
            "211d6069-2a7b-41bd-bd3f-acec3b890b0d",
            "68cad8b4-ae4c-413f-a35a-8dfc55762f38",
            "71340400-33e9-486d-b725-617cff01b88d"
          ],
          "failures": [],
          "pending": [],
          "skipped": [],
          "duration": 1196,
          "root": false,
          "rootEmpty": false,
          "_timeout": 2000
        },
        {
          "uuid": "b5c93511-1b4e-4a20-9677-8b7cd445ac8b",
          "title": "3 - Adicione a cor **preta** como a primeira cor da paleta de cores",
          "fullFile": "",
          "file": "",
          "beforeHooks": [],
          "afterHooks": [],
          "tests": [
            {
              "title": "Verifica se a primeira cor da paleta é preta",
              "fullTitle": "3 - Adicione a cor **preta** como a primeira cor da paleta de cores Verifica se a primeira cor da paleta é preta",
              "timedOut": null,
              "duration": 118,
              "state": "passed",
              "speed": "slow",
              "pass": true,
              "fail": false,
              "pending": false,
              "context": null,
              "code": "cy.get('.color').first().should('have.css', 'background-color', BLACK);",
              "err": {},
              "uuid": "0961a9cb-49fc-4b57-9657-568875882b0c",
              "parentUUID": "b5c93511-1b4e-4a20-9677-8b7cd445ac8b",
              "isHook": false,
              "skipped": false
            },
            {
              "title": "Verifica se as demais cores podem ser escolhidas livremente.",
              "fullTitle": "3 - Adicione a cor **preta** como a primeira cor da paleta de cores Verifica se as demais cores podem ser escolhidas livremente.",
              "timedOut": null,
              "duration": 282,
              "state": "passed",
              "speed": "slow",
              "pass": true,
              "fail": false,
              "pending": false,
              "context": null,
              "code": "cy.get('.color').eq(1).should('not.have.css', 'background-color', BLACK);\ncy.get('.color').eq(1).should('not.have.css', 'background-color', WHITE);\ncy.get('.color').eq(1).should('not.have.css', 'background-color', 'rgba(0, 0, 0, 0)');\ncy.get('.color').eq(1).should('have.css', 'background-color');\ncy.get('.color').eq(2).should('not.have.css', 'background-color', BLACK);\ncy.get('.color').eq(2).should('not.have.css', 'background-color', WHITE);\ncy.get('.color').eq(2).should('not.have.css', 'background-color', 'rgba(0, 0, 0, 0)');\ncy.get('.color').eq(2).should('have.css', 'background-color');\ncy.get('.color').eq(3).should('not.have.css', 'background-color', BLACK);\ncy.get('.color').eq(3).should('not.have.css', 'background-color', WHITE);\ncy.get('.color').eq(3).should('not.have.css', 'background-color', 'rgba(0, 0, 0, 0)');\ncy.get('.color').eq(3).should('have.css', 'background-color');",
              "err": {},
              "uuid": "bbda02e3-b10b-4695-89dd-7ef8186f6cc8",
              "parentUUID": "b5c93511-1b4e-4a20-9677-8b7cd445ac8b",
              "isHook": false,
              "skipped": false
            }
          ],
          "suites": [],
          "passes": [
            "0961a9cb-49fc-4b57-9657-568875882b0c",
            "bbda02e3-b10b-4695-89dd-7ef8186f6cc8"
          ],
          "failures": [],
          "pending": [],
          "skipped": [],
          "duration": 400,
          "root": false,
          "rootEmpty": false,
          "_timeout": 2000
        },
        {
          "uuid": "29e84a1a-a3c8-49a9-a5e8-af10634e4a73",
          "title": "4 - Adicione à página um quadro contendo 25 pixels",
          "fullFile": "",
          "file": "",
          "beforeHooks": [],
          "afterHooks": [],
          "tests": [
            {
              "title": "Verifica se o quadro de pixels possui o `id` denominado `pixel-board`",
              "fullTitle": "4 - Adicione à página um quadro contendo 25 pixels Verifica se o quadro de pixels possui o `id` denominado `pixel-board`",
              "timedOut": null,
              "duration": 155,
              "state": "passed",
              "speed": "slow",
              "pass": true,
              "fail": false,
              "pending": false,
              "context": null,
              "code": "cy.get('#pixel-board').should('be.visible');",
              "err": {},
              "uuid": "b5992512-332a-4d08-9839-272bd4b4b3ee",
              "parentUUID": "29e84a1a-a3c8-49a9-a5e8-af10634e4a73",
              "isHook": false,
              "skipped": false
            },
            {
              "title": "Verifica se cada pixel individual dentro do quadro possui a `classe` denominada `pixel`.",
              "fullTitle": "4 - Adicione à página um quadro contendo 25 pixels Verifica se cada pixel individual dentro do quadro possui a `classe` denominada `pixel`.",
              "timedOut": null,
              "duration": 145,
              "state": "passed",
              "speed": "slow",
              "pass": true,
              "fail": false,
              "pending": false,
              "context": null,
              "code": "cy.get('.pixel').should('have.length', 25);",
              "err": {},
              "uuid": "5e1065ad-ec1f-4ac4-8772-66dee5c52589",
              "parentUUID": "29e84a1a-a3c8-49a9-a5e8-af10634e4a73",
              "isHook": false,
              "skipped": false
            },
            {
              "title": "Verifica se a cor inicial dos pixels dentro do quadro, ao abrir a página, é branca.",
              "fullTitle": "4 - Adicione à página um quadro contendo 25 pixels Verifica se a cor inicial dos pixels dentro do quadro, ao abrir a página, é branca.",
              "timedOut": null,
              "duration": 276,
              "state": "passed",
              "speed": "slow",
              "pass": true,
              "fail": false,
              "pending": false,
              "context": null,
              "code": "cy.get('.pixel').should('have.length', 25).each(function (pixel) {\n  expect(pixel).to.have.css('background-color', WHITE);\n});",
              "err": {},
              "uuid": "e23e1802-2ab1-4207-b7eb-6367ee237ea1",
              "parentUUID": "29e84a1a-a3c8-49a9-a5e8-af10634e4a73",
              "isHook": false,
              "skipped": false
            },
            {
              "title": "Verifica se o quadro de pixels aparece abaixo da paleta de cores",
              "fullTitle": "4 - Adicione à página um quadro contendo 25 pixels Verifica se o quadro de pixels aparece abaixo da paleta de cores",
              "timedOut": null,
              "duration": 93,
              "state": "passed",
              "speed": "slow",
              "pass": true,
              "fail": false,
              "pending": false,
              "context": null,
              "code": "cy.get('#color-palette').then(function (palette) {\n  cy.get('#pixel-board').should('be.belowOf', palette);\n});",
              "err": {},
              "uuid": "129f522d-4008-4758-834c-557017384942",
              "parentUUID": "29e84a1a-a3c8-49a9-a5e8-af10634e4a73",
              "isHook": false,
              "skipped": false
            }
          ],
          "suites": [],
          "passes": [
            "b5992512-332a-4d08-9839-272bd4b4b3ee",
            "5e1065ad-ec1f-4ac4-8772-66dee5c52589",
            "e23e1802-2ab1-4207-b7eb-6367ee237ea1",
            "129f522d-4008-4758-834c-557017384942"
          ],
          "failures": [],
          "pending": [],
          "skipped": [],
          "duration": 669,
          "root": false,
          "rootEmpty": false,
          "_timeout": 2000
        },
        {
          "uuid": "961c66f5-e2e7-4291-9923-a06c3e022200",
          "title": "5 - Faça com que cada elemento do quadro de pixels possua 40 pixels de largura, 40 pixels de altura e seja delimitado por uma borda preta de 1 pixel",
          "fullFile": "",
          "file": "",
          "beforeHooks": [],
          "afterHooks": [],
          "tests": [
            {
              "title": "Verifica se o quadro de pixels tem altura e comprimento de 5 elementos",
              "fullTitle": "5 - Faça com que cada elemento do quadro de pixels possua 40 pixels de largura, 40 pixels de altura e seja delimitado por uma borda preta de 1 pixel Verifica se o quadro de pixels tem altura e comprimento de 5 elementos",
              "timedOut": null,
              "duration": 384,
              "state": "passed",
              "speed": "slow",
              "pass": true,
              "fail": false,
              "pending": false,
              "context": null,
              "code": "cy.get('.pixel').should('have.length', 25).each(function (pixel) {\n  expect(pixel).to.have.css('background-color', WHITE);\n}).and(function (pixels) {\n  var rows = chunk(pixels, 5);\n  rows.forEach(function (row) {\n    for (var index = 1; index < row.length; index += 1) {\n      var current = pixels[index];\n      var previous = pixels[index - 1];\n      cy.wrap(current).should('be.onTheRightOf', previous).and('be.horizontallyAlignedWith', previous);\n    }\n  });\n  for (var index = 1; index < 5; index += 1) {\n    expect(pixels[index * 5]).to.be.belowOf(pixels[(index - 1) * 5]);\n  }\n});",
              "err": {},
              "uuid": "98eeae2b-10fb-47e5-9857-a326be1a5e00",
              "parentUUID": "961c66f5-e2e7-4291-9923-a06c3e022200",
              "isHook": false,
              "skipped": false
            },
            {
              "title": "Verifica se 40 pixels é o tamanho total do elemento, incluindo seu conteúdo e excluindo a borda preta, que deve ser criada à parte.",
              "fullTitle": "5 - Faça com que cada elemento do quadro de pixels possua 40 pixels de largura, 40 pixels de altura e seja delimitado por uma borda preta de 1 pixel Verifica se 40 pixels é o tamanho total do elemento, incluindo seu conteúdo e excluindo a borda preta, que deve ser criada à parte.",
              "timedOut": null,
              "duration": 318,
              "state": "passed",
              "speed": "slow",
              "pass": true,
              "fail": false,
              "pending": false,
              "context": null,
              "code": "cy.get('.pixel').each(function (pixel) {\n  cy.wrap(pixel).should('have.css', 'height', '40px').and('have.css', 'width', '40px').and('have.css', 'border', \"1px solid \".concat(BLACK));\n});",
              "err": {},
              "uuid": "688f1a4b-fade-4497-8c07-b2edbdf88a77",
              "parentUUID": "961c66f5-e2e7-4291-9923-a06c3e022200",
              "isHook": false,
              "skipped": false
            }
          ],
          "suites": [],
          "passes": [
            "98eeae2b-10fb-47e5-9857-a326be1a5e00",
            "688f1a4b-fade-4497-8c07-b2edbdf88a77"
          ],
          "failures": [],
          "pending": [],
          "skipped": [],
          "duration": 702,
          "root": false,
          "rootEmpty": false,
          "_timeout": 2000
        },
        {
          "uuid": "0d7f68ef-157a-4e3e-8cf4-db6ef3a4578d",
          "title": "6 - Defina a cor preta como cor inicial da paleta de cores. Ao carregar a página a cor preta já deve estar selecionada para pintar os pixels",
          "fullFile": "",
          "file": "",
          "beforeHooks": [],
          "afterHooks": [],
          "tests": [
            {
              "title": "Verifica se o elemento da cor preta possui, inicialmente, a `classe` `selected`",
              "fullTitle": "6 - Defina a cor preta como cor inicial da paleta de cores. Ao carregar a página a cor preta já deve estar selecionada para pintar os pixels Verifica se o elemento da cor preta possui, inicialmente, a `classe` `selected`",
              "timedOut": null,
              "duration": 98,
              "state": "passed",
              "speed": "slow",
              "pass": true,
              "fail": false,
              "pending": false,
              "context": null,
              "code": "cy.get('.selected').first().should('have.css', 'background-color', BLACK);",
              "err": {},
              "uuid": "9f87140b-c375-45ae-9aa9-ccdfaba81728",
              "parentUUID": "0d7f68ef-157a-4e3e-8cf4-db6ef3a4578d",
              "isHook": false,
              "skipped": false
            },
            {
              "title": "Verifica se nenhuma outra cor da paleta tem a `classe` `selected`",
              "fullTitle": "6 - Defina a cor preta como cor inicial da paleta de cores. Ao carregar a página a cor preta já deve estar selecionada para pintar os pixels Verifica se nenhuma outra cor da paleta tem a `classe` `selected`",
              "timedOut": null,
              "duration": 92,
              "state": "passed",
              "speed": "slow",
              "pass": true,
              "fail": false,
              "pending": false,
              "context": null,
              "code": "cy.get('.color:not(:first-child)').each(function (color) {\n  cy.wrap(color).should('not.have.class', 'selected');\n});",
              "err": {},
              "uuid": "a7891992-304f-469c-9faa-1535cce20e30",
              "parentUUID": "0d7f68ef-157a-4e3e-8cf4-db6ef3a4578d",
              "isHook": false,
              "skipped": false
            }
          ],
          "suites": [],
          "passes": [
            "9f87140b-c375-45ae-9aa9-ccdfaba81728",
            "a7891992-304f-469c-9faa-1535cce20e30"
          ],
          "failures": [],
          "pending": [],
          "skipped": [],
          "duration": 190,
          "root": false,
          "rootEmpty": false,
          "_timeout": 2000
        },
        {
          "uuid": "f9b4068b-5b46-410c-b409-6f27706f91be",
          "title": "7 - Crie uma função para selecionar uma cor na paleta de cores e preencher os pixels no quadro",
          "fullFile": "",
          "file": "",
          "beforeHooks": [],
          "afterHooks": [],
          "tests": [
            {
              "title": "Verifica se somente uma cor da paleta de cores tem a classe `selected` de cada vez",
              "fullTitle": "7 - Crie uma função para selecionar uma cor na paleta de cores e preencher os pixels no quadro Verifica se somente uma cor da paleta de cores tem a classe `selected` de cada vez",
              "timedOut": null,
              "duration": 524,
              "state": "passed",
              "speed": "slow",
              "pass": true,
              "fail": false,
              "pending": false,
              "context": null,
              "code": "cy.get('.color').each(function (selectedColor, selectedColorIndex) {\n  cy.wrap(selectedColor).click();\n  cy.get('.color').each(function (color, colorIndex) {\n    if (colorIndex === selectedColorIndex) {\n      expect(color).to.have[\"class\"]('selected');\n    } else {\n      expect(color).not.to.have[\"class\"]('selected');\n    }\n  });\n});",
              "err": {},
              "uuid": "7494a598-c2a1-4e28-abf6-cbaa04e50163",
              "parentUUID": "f9b4068b-5b46-410c-b409-6f27706f91be",
              "isHook": false,
              "skipped": false
            },
            {
              "title": "Verifica se os pixels dentro do quadro não têm a classe `selected` quando são clicados",
              "fullTitle": "7 - Crie uma função para selecionar uma cor na paleta de cores e preencher os pixels no quadro Verifica se os pixels dentro do quadro não têm a classe `selected` quando são clicados",
              "timedOut": null,
              "duration": 9583,
              "state": "passed",
              "speed": "slow",
              "pass": true,
              "fail": false,
              "pending": false,
              "context": null,
              "code": "cy.get('.color').each(function (color) {\n  var backgroundColor = color.css('background-color');\n  cy.wrap(color).click();\n  cy.get('.pixel').each(function (pixel) {\n    cy.wrap(pixel).click().should('not.have.class', 'selected');\n  });\n});",
              "err": {},
              "uuid": "73d5d847-3db8-419e-9c4a-5ee59c2a7770",
              "parentUUID": "f9b4068b-5b46-410c-b409-6f27706f91be",
              "isHook": false,
              "skipped": false
            }
          ],
          "suites": [],
          "passes": [
            "7494a598-c2a1-4e28-abf6-cbaa04e50163",
            "73d5d847-3db8-419e-9c4a-5ee59c2a7770"
          ],
          "failures": [],
          "pending": [],
          "skipped": [],
          "duration": 10107,
          "root": false,
          "rootEmpty": false,
          "_timeout": 2000
        },
        {
          "uuid": "64abf178-5532-442e-ac71-8302435416a7",
          "title": "8 - Crie uma função que permita preencher um pixel do quadro com a cor selecionada na paleta de cores",
          "fullFile": "",
          "file": "",
          "beforeHooks": [],
          "afterHooks": [],
          "tests": [
            {
              "title": "Verifica se ao carregar a página deve ser possível pintar os pixels de preto",
              "fullTitle": "8 - Crie uma função que permita preencher um pixel do quadro com a cor selecionada na paleta de cores Verifica se ao carregar a página deve ser possível pintar os pixels de preto",
              "timedOut": null,
              "duration": 2351,
              "state": "passed",
              "speed": "slow",
              "pass": true,
              "fail": false,
              "pending": false,
              "context": null,
              "code": "cy.get('.pixel').each(function (pixel) {\n  cy.wrap(pixel).click().should('have.css', 'background-color', BLACK);\n});",
              "err": {},
              "uuid": "c4de2cc7-981d-4a3c-be2f-b2d96c10feba",
              "parentUUID": "64abf178-5532-442e-ac71-8302435416a7",
              "isHook": false,
              "skipped": false
            },
            {
              "title": "Verifica se após selecionar uma outra cor na paleta, é possível pintar os pixels com essa cor",
              "fullTitle": "8 - Crie uma função que permita preencher um pixel do quadro com a cor selecionada na paleta de cores Verifica se após selecionar uma outra cor na paleta, é possível pintar os pixels com essa cor",
              "timedOut": null,
              "duration": 9274,
              "state": "passed",
              "speed": "slow",
              "pass": true,
              "fail": false,
              "pending": false,
              "context": null,
              "code": "cy.get('.color').each(function (color) {\n  var backgroundColor = color.css('background-color');\n  cy.wrap(color).click();\n  cy.get('.pixel').each(function (pixel) {\n    cy.wrap(pixel).click().should('have.css', 'background-color', backgroundColor);\n  });\n});",
              "err": {},
              "uuid": "35b0f815-3bc8-4f8b-b460-eb91cf75fbeb",
              "parentUUID": "64abf178-5532-442e-ac71-8302435416a7",
              "isHook": false,
              "skipped": false
            },
            {
              "title": "Verifica se somente o pixel que foi clicado foi preenchido com a cor selecionada, sem influenciar na cor dos demais pixels.",
              "fullTitle": "8 - Crie uma função que permita preencher um pixel do quadro com a cor selecionada na paleta de cores Verifica se somente o pixel que foi clicado foi preenchido com a cor selecionada, sem influenciar na cor dos demais pixels.",
              "timedOut": null,
              "duration": 2174,
              "state": "passed",
              "speed": "slow",
              "pass": true,
              "fail": false,
              "pending": false,
              "context": null,
              "code": "var colorToPixelIndexMap = {\n  0: 6,\n  1: 8,\n  2: 16,\n  3: 18\n};\ncy.get('.color').each(function (color, index) {\n  cy.wrap(color).click();\n  var backgroundColor = color.css('background-color');\n  var clickedPixelIndex = colorToPixelIndexMap[index];\n  cy.get('.pixel').eq(clickedPixelIndex).click();\n  cy.get('.pixel').eq(clickedPixelIndex - 1).should('not.have.css', 'background-color', backgroundColor);\n  cy.get('.pixel').eq(clickedPixelIndex + 1).should('not.have.css', 'background-color', backgroundColor);\n  cy.get('.pixel').eq(clickedPixelIndex - 5).should('not.have.css', 'background-color', backgroundColor);\n  cy.get('.pixel').eq(clickedPixelIndex + 5).should('not.have.css', 'background-color', backgroundColor);\n  cy.get('.pixel').eq(clickedPixelIndex - 6).should('not.have.css', 'background-color', backgroundColor);\n  cy.get('.pixel').eq(clickedPixelIndex - 4).should('not.have.css', 'background-color', backgroundColor);\n  cy.get('.pixel').eq(clickedPixelIndex + 4).should('not.have.css', 'background-color', backgroundColor);\n  cy.get('.pixel').eq(clickedPixelIndex + 6).should('not.have.css', 'background-color', backgroundColor);\n});",
              "err": {},
              "uuid": "5f74526e-0919-4efe-a8f1-b2ea10384d79",
              "parentUUID": "64abf178-5532-442e-ac71-8302435416a7",
              "isHook": false,
              "skipped": false
            }
          ],
          "suites": [],
          "passes": [
            "c4de2cc7-981d-4a3c-be2f-b2d96c10feba",
            "35b0f815-3bc8-4f8b-b460-eb91cf75fbeb",
            "5f74526e-0919-4efe-a8f1-b2ea10384d79"
          ],
          "failures": [],
          "pending": [],
          "skipped": [],
          "duration": 13799,
          "root": false,
          "rootEmpty": false,
          "_timeout": 2000
        },
        {
          "uuid": "4f35854d-6465-4369-a709-fd0873e684be",
          "title": "9 - Crie um botão que, ao ser clicado, limpa o quadro preenchendo a cor de todos seus pixels com branco",
          "fullFile": "",
          "file": "",
          "beforeHooks": [],
          "afterHooks": [],
          "tests": [
            {
              "title": "Verifica se o botão tem o `id` denominado `clear-board`",
              "fullTitle": "9 - Crie um botão que, ao ser clicado, limpa o quadro preenchendo a cor de todos seus pixels com branco Verifica se o botão tem o `id` denominado `clear-board`",
              "timedOut": null,
              "duration": 269,
              "state": "passed",
              "speed": "slow",
              "pass": true,
              "fail": false,
              "pending": false,
              "context": null,
              "code": "cy.get('#clear-board').should('be.visible');",
              "err": {},
              "uuid": "479da015-7a58-4760-ae0e-a6d8d97bb9e6",
              "parentUUID": "4f35854d-6465-4369-a709-fd0873e684be",
              "isHook": false,
              "skipped": false
            },
            {
              "title": "Verifica se o botão está posicionado entre a paleta de cores e o quadro de pixels",
              "fullTitle": "9 - Crie um botão que, ao ser clicado, limpa o quadro preenchendo a cor de todos seus pixels com branco Verifica se o botão está posicionado entre a paleta de cores e o quadro de pixels",
              "timedOut": null,
              "duration": 139,
              "state": "passed",
              "speed": "slow",
              "pass": true,
              "fail": false,
              "pending": false,
              "context": null,
              "code": "cy.get('#color-palette').then(function (palette) {\n  cy.get('#clear-board').should('be.belowOf', palette);\n});\ncy.get('#clear-board').then(function (clearBtn) {\n  cy.get('#pixel-board').should('be.belowOf', clearBtn);\n});",
              "err": {},
              "uuid": "2a8513e4-e57f-4d35-b943-2c662d48638b",
              "parentUUID": "4f35854d-6465-4369-a709-fd0873e684be",
              "isHook": false,
              "skipped": false
            },
            {
              "title": "Verifica se o texto do botão é 'Limpar'",
              "fullTitle": "9 - Crie um botão que, ao ser clicado, limpa o quadro preenchendo a cor de todos seus pixels com branco Verifica se o texto do botão é 'Limpar'",
              "timedOut": null,
              "duration": 109,
              "state": "passed",
              "speed": "slow",
              "pass": true,
              "fail": false,
              "pending": false,
              "context": null,
              "code": "cy.get('#clear-board').should('contain.text', 'Limpar');",
              "err": {},
              "uuid": "a6e3adca-240d-49ca-8652-5b5e59dde80c",
              "parentUUID": "4f35854d-6465-4369-a709-fd0873e684be",
              "isHook": false,
              "skipped": false
            },
            {
              "title": "Verifica se ao clicar no botão, o quadro de pixels é totalmente preenchido de branco",
              "fullTitle": "9 - Crie um botão que, ao ser clicado, limpa o quadro preenchendo a cor de todos seus pixels com branco Verifica se ao clicar no botão, o quadro de pixels é totalmente preenchido de branco",
              "timedOut": null,
              "duration": 2591,
              "state": "passed",
              "speed": "slow",
              "pass": true,
              "fail": false,
              "pending": false,
              "context": null,
              "code": "cy.get('.color').eq(1).then(function (color) {\n  var backgroundColor = color.css('background-color');\n  cy.wrap(color).click();\n  cy.get('.pixel').each(function (pixel) {\n    cy.wrap(pixel).click().should('have.css', 'background-color', backgroundColor);\n  });\n});\ncy.get('#clear-board').click();\ncy.get('.pixel').each(function (pixel) {\n  cy.wrap(pixel).should('have.css', 'background-color', WHITE);\n});",
              "err": {},
              "uuid": "9e12274c-501f-4b25-a06d-862b4b2e75c8",
              "parentUUID": "4f35854d-6465-4369-a709-fd0873e684be",
              "isHook": false,
              "skipped": false
            }
          ],
          "suites": [],
          "passes": [
            "479da015-7a58-4760-ae0e-a6d8d97bb9e6",
            "2a8513e4-e57f-4d35-b943-2c662d48638b",
            "a6e3adca-240d-49ca-8652-5b5e59dde80c",
            "9e12274c-501f-4b25-a06d-862b4b2e75c8"
          ],
          "failures": [],
          "pending": [],
          "skipped": [],
          "duration": 3108,
          "root": false,
          "rootEmpty": false,
          "_timeout": 2000
        },
        {
          "uuid": "c641041a-51f3-4c70-b755-ecb89b4b0c36",
          "title": "10 - Crie um input que permita à pessoa usuária preencher um novo tamanho para o quadro de pixels",
          "fullFile": "",
          "file": "",
          "beforeHooks": [],
          "afterHooks": [],
          "tests": [
            {
              "title": "Verifica se existe um input com o id `board-size`",
              "fullTitle": "10 - Crie um input que permita à pessoa usuária preencher um novo tamanho para o quadro de pixels Verifica se existe um input com o id `board-size`",
              "timedOut": null,
              "duration": 4596,
              "state": "failed",
              "speed": null,
              "pass": false,
              "fail": true,
              "pending": false,
              "context": null,
              "code": "cy.get('#board-size').should('be.visible');",
              "err": {
                "message": "CypressError: Timed out retrying: Expected to find element: '#board-size', but never found it.",
                "estack": "CypressError: Timed out retrying: Expected to find element: '#board-size', but never found it.\n    at cypressErr (http://localhost:41415/__cypress/runner/cypress_runner.js:149934:9)\n    at throwErr (http://localhost:41415/__cypress/runner/cypress_runner.js:149867:11)\n    at Object.throwErrByPath (http://localhost:41415/__cypress/runner/cypress_runner.js:149915:3)\n    at retry (http://localhost:41415/__cypress/runner/cypress_runner.js:144197:19)\n    at onFailFn (http://localhost:41415/__cypress/runner/cypress_runner.js:132448:16)\n    at tryCatcher (http://localhost:41415/__cypress/runner/cypress_runner.js:167415:23)\n    at Promise._settlePromiseFromHandler (http://localhost:41415/__cypress/runner/cypress_runner.js:165351:31)\n    at Promise._settlePromise (http://localhost:41415/__cypress/runner/cypress_runner.js:165408:18)\n    at Promise._settlePromise0 (http://localhost:41415/__cypress/runner/cypress_runner.js:165453:10)\n    at Promise._settlePromises (http://localhost:41415/__cypress/runner/cypress_runner.js:165528:18)\n    at Async../node_modules/bluebird/js/release/async.js.Async._drainQueue (http://localhost:41415/__cypress/runner/cypress_runner.js:162140:16)\n    at Async../node_modules/bluebird/js/release/async.js.Async._drainQueues (http://localhost:41415/__cypress/runner/cypress_runner.js:162150:10)\n    at Async.drainQueues (http://localhost:41415/__cypress/runner/cypress_runner.js:162024:14)",
                "diff": null
              },
              "uuid": "67f2775b-5d34-4dba-961c-d15ef4b36883",
              "parentUUID": "c641041a-51f3-4c70-b755-ecb89b4b0c36",
              "isHook": false,
              "skipped": false
            },
            {
              "title": "Verifica se existe um botão com o id `generate-board`",
              "fullTitle": "10 - Crie um input que permita à pessoa usuária preencher um novo tamanho para o quadro de pixels Verifica se existe um botão com o id `generate-board`",
              "timedOut": null,
              "duration": 4510,
              "state": "failed",
              "speed": null,
              "pass": false,
              "fail": true,
              "pending": false,
              "context": null,
              "code": "cy.get('#generate-board').should('be.visible');",
              "err": {
                "message": "CypressError: Timed out retrying: Expected to find element: '#generate-board', but never found it.",
                "estack": "CypressError: Timed out retrying: Expected to find element: '#generate-board', but never found it.\n    at cypressErr (http://localhost:41415/__cypress/runner/cypress_runner.js:149934:9)\n    at throwErr (http://localhost:41415/__cypress/runner/cypress_runner.js:149867:11)\n    at Object.throwErrByPath (http://localhost:41415/__cypress/runner/cypress_runner.js:149915:3)\n    at retry (http://localhost:41415/__cypress/runner/cypress_runner.js:144197:19)\n    at onFailFn (http://localhost:41415/__cypress/runner/cypress_runner.js:132448:16)\n    at tryCatcher (http://localhost:41415/__cypress/runner/cypress_runner.js:167415:23)\n    at Promise._settlePromiseFromHandler (http://localhost:41415/__cypress/runner/cypress_runner.js:165351:31)\n    at Promise._settlePromise (http://localhost:41415/__cypress/runner/cypress_runner.js:165408:18)\n    at Promise._settlePromise0 (http://localhost:41415/__cypress/runner/cypress_runner.js:165453:10)\n    at Promise._settlePromises (http://localhost:41415/__cypress/runner/cypress_runner.js:165528:18)\n    at Async../node_modules/bluebird/js/release/async.js.Async._drainQueue (http://localhost:41415/__cypress/runner/cypress_runner.js:162140:16)\n    at Async../node_modules/bluebird/js/release/async.js.Async._drainQueues (http://localhost:41415/__cypress/runner/cypress_runner.js:162150:10)\n    at Async.drainQueues (http://localhost:41415/__cypress/runner/cypress_runner.js:162024:14)",
                "diff": null
              },
              "uuid": "b3a52b9e-d9e1-4aa1-a95c-88f1b860a7aa",
              "parentUUID": "c641041a-51f3-4c70-b755-ecb89b4b0c36",
              "isHook": false,
              "skipped": false
            },
            {
              "title": "Verifica se o input só aceita número maiores que zero. Essa restrição deve ser feita usando os atributos do elemento `input`",
              "fullTitle": "10 - Crie um input que permita à pessoa usuária preencher um novo tamanho para o quadro de pixels Verifica se o input só aceita número maiores que zero. Essa restrição deve ser feita usando os atributos do elemento `input`",
              "timedOut": null,
              "duration": 4553,
              "state": "failed",
              "speed": null,
              "pass": false,
              "fail": true,
              "pending": false,
              "context": null,
              "code": "cy.get('#board-size[type=\\'number\\'][min=\\'1\\']');",
              "err": {
                "message": "CypressError: Timed out retrying: Expected to find element: '#board-size[type='number'][min='1']', but never found it.",
                "estack": "CypressError: Timed out retrying: Expected to find element: '#board-size[type='number'][min='1']', but never found it.\n    at cypressErr (http://localhost:41415/__cypress/runner/cypress_runner.js:149934:9)\n    at throwErr (http://localhost:41415/__cypress/runner/cypress_runner.js:149867:11)\n    at Object.throwErrByPath (http://localhost:41415/__cypress/runner/cypress_runner.js:149915:3)\n    at retry (http://localhost:41415/__cypress/runner/cypress_runner.js:144197:19)\n    at onFailFn (http://localhost:41415/__cypress/runner/cypress_runner.js:132448:16)\n    at tryCatcher (http://localhost:41415/__cypress/runner/cypress_runner.js:167415:23)\n    at Promise._settlePromiseFromHandler (http://localhost:41415/__cypress/runner/cypress_runner.js:165351:31)\n    at Promise._settlePromise (http://localhost:41415/__cypress/runner/cypress_runner.js:165408:18)\n    at Promise._settlePromise0 (http://localhost:41415/__cypress/runner/cypress_runner.js:165453:10)\n    at Promise._settlePromises (http://localhost:41415/__cypress/runner/cypress_runner.js:165528:18)\n    at Async../node_modules/bluebird/js/release/async.js.Async._drainQueue (http://localhost:41415/__cypress/runner/cypress_runner.js:162140:16)\n    at Async../node_modules/bluebird/js/release/async.js.Async._drainQueues (http://localhost:41415/__cypress/runner/cypress_runner.js:162150:10)\n    at Async.drainQueues (http://localhost:41415/__cypress/runner/cypress_runner.js:162024:14)",
                "diff": null
              },
              "uuid": "64352c7e-36c2-4057-adfd-dc02d3364416",
              "parentUUID": "c641041a-51f3-4c70-b755-ecb89b4b0c36",
              "isHook": false,
              "skipped": false
            },
            {
              "title": "Verifica se o botão contém o texto 'VQV'",
              "fullTitle": "10 - Crie um input que permita à pessoa usuária preencher um novo tamanho para o quadro de pixels Verifica se o botão contém o texto 'VQV'",
              "timedOut": null,
              "duration": 4391,
              "state": "failed",
              "speed": null,
              "pass": false,
              "fail": true,
              "pending": false,
              "context": null,
              "code": "cy.get('#generate-board').contains(/vqv/i);",
              "err": {
                "message": "CypressError: Timed out retrying: Expected to find element: '#generate-board', but never found it.",
                "estack": "CypressError: Timed out retrying: Expected to find element: '#generate-board', but never found it.\n    at cypressErr (http://localhost:41415/__cypress/runner/cypress_runner.js:149934:9)\n    at throwErr (http://localhost:41415/__cypress/runner/cypress_runner.js:149867:11)\n    at Object.throwErrByPath (http://localhost:41415/__cypress/runner/cypress_runner.js:149915:3)\n    at retry (http://localhost:41415/__cypress/runner/cypress_runner.js:144197:19)\n    at onFailFn (http://localhost:41415/__cypress/runner/cypress_runner.js:132448:16)\n    at tryCatcher (http://localhost:41415/__cypress/runner/cypress_runner.js:167415:23)\n    at Promise._settlePromiseFromHandler (http://localhost:41415/__cypress/runner/cypress_runner.js:165351:31)\n    at Promise._settlePromise (http://localhost:41415/__cypress/runner/cypress_runner.js:165408:18)\n    at Promise._settlePromise0 (http://localhost:41415/__cypress/runner/cypress_runner.js:165453:10)\n    at Promise._settlePromises (http://localhost:41415/__cypress/runner/cypress_runner.js:165528:18)\n    at Async../node_modules/bluebird/js/release/async.js.Async._drainQueue (http://localhost:41415/__cypress/runner/cypress_runner.js:162140:16)\n    at Async../node_modules/bluebird/js/release/async.js.Async._drainQueues (http://localhost:41415/__cypress/runner/cypress_runner.js:162150:10)\n    at Async.drainQueues (http://localhost:41415/__cypress/runner/cypress_runner.js:162024:14)",
                "diff": null
              },
              "uuid": "f4f64f33-ee6e-4d00-88ff-ad9d0274b3c5",
              "parentUUID": "c641041a-51f3-4c70-b755-ecb89b4b0c36",
              "isHook": false,
              "skipped": false
            },
            {
              "title": "Verifica se o input está posicionado entre a paleta de cores e o quadro de pixels",
              "fullTitle": "10 - Crie um input que permita à pessoa usuária preencher um novo tamanho para o quadro de pixels Verifica se o input está posicionado entre a paleta de cores e o quadro de pixels",
              "timedOut": null,
              "duration": 4543,
              "state": "failed",
              "speed": null,
              "pass": false,
              "fail": true,
              "pending": false,
              "context": null,
              "code": "cy.get('#color-palette').then(function (palette) {\n  cy.get('#board-size').should('be.belowOf', palette);\n});\ncy.get('#board-size').then(function (palette) {\n  cy.get('#pixel-board').should('be.belowOf', palette);\n});",
              "err": {
                "message": "CypressError: Timed out retrying: Expected to find element: '#board-size', but never found it.",
                "estack": "CypressError: Timed out retrying: Expected to find element: '#board-size', but never found it.\n    at cypressErr (http://localhost:41415/__cypress/runner/cypress_runner.js:149934:9)\n    at throwErr (http://localhost:41415/__cypress/runner/cypress_runner.js:149867:11)\n    at Object.throwErrByPath (http://localhost:41415/__cypress/runner/cypress_runner.js:149915:3)\n    at retry (http://localhost:41415/__cypress/runner/cypress_runner.js:144197:19)\n    at onFailFn (http://localhost:41415/__cypress/runner/cypress_runner.js:132448:16)\n    at tryCatcher (http://localhost:41415/__cypress/runner/cypress_runner.js:167415:23)\n    at Promise._settlePromiseFromHandler (http://localhost:41415/__cypress/runner/cypress_runner.js:165351:31)\n    at Promise._settlePromise (http://localhost:41415/__cypress/runner/cypress_runner.js:165408:18)\n    at Promise._settlePromise0 (http://localhost:41415/__cypress/runner/cypress_runner.js:165453:10)\n    at Promise._settlePromises (http://localhost:41415/__cypress/runner/cypress_runner.js:165528:18)\n    at Async../node_modules/bluebird/js/release/async.js.Async._drainQueue (http://localhost:41415/__cypress/runner/cypress_runner.js:162140:16)\n    at Async../node_modules/bluebird/js/release/async.js.Async._drainQueues (http://localhost:41415/__cypress/runner/cypress_runner.js:162150:10)\n    at Async.drainQueues (http://localhost:41415/__cypress/runner/cypress_runner.js:162024:14)",
                "diff": null
              },
              "uuid": "6cec4ac6-d429-4228-83cc-6d927f6526b6",
              "parentUUID": "c641041a-51f3-4c70-b755-ecb89b4b0c36",
              "isHook": false,
              "skipped": false
            },
            {
              "title": "Verifica se o botão está posicionado ao lado do input",
              "fullTitle": "10 - Crie um input que permita à pessoa usuária preencher um novo tamanho para o quadro de pixels Verifica se o botão está posicionado ao lado do input",
              "timedOut": null,
              "duration": 4507,
              "state": "failed",
              "speed": null,
              "pass": false,
              "fail": true,
              "pending": false,
              "context": null,
              "code": "cy.get('#board-size').then(function (board) {\n  cy.get('#generate-board').should('be.onTheRightOf', board);\n});",
              "err": {
                "message": "CypressError: Timed out retrying: Expected to find element: '#board-size', but never found it.",
                "estack": "CypressError: Timed out retrying: Expected to find element: '#board-size', but never found it.\n    at cypressErr (http://localhost:41415/__cypress/runner/cypress_runner.js:149934:9)\n    at throwErr (http://localhost:41415/__cypress/runner/cypress_runner.js:149867:11)\n    at Object.throwErrByPath (http://localhost:41415/__cypress/runner/cypress_runner.js:149915:3)\n    at retry (http://localhost:41415/__cypress/runner/cypress_runner.js:144197:19)\n    at onFailFn (http://localhost:41415/__cypress/runner/cypress_runner.js:132448:16)\n    at tryCatcher (http://localhost:41415/__cypress/runner/cypress_runner.js:167415:23)\n    at Promise._settlePromiseFromHandler (http://localhost:41415/__cypress/runner/cypress_runner.js:165351:31)\n    at Promise._settlePromise (http://localhost:41415/__cypress/runner/cypress_runner.js:165408:18)\n    at Promise._settlePromise0 (http://localhost:41415/__cypress/runner/cypress_runner.js:165453:10)\n    at Promise._settlePromises (http://localhost:41415/__cypress/runner/cypress_runner.js:165528:18)\n    at Async../node_modules/bluebird/js/release/async.js.Async._drainQueue (http://localhost:41415/__cypress/runner/cypress_runner.js:162140:16)\n    at Async../node_modules/bluebird/js/release/async.js.Async._drainQueues (http://localhost:41415/__cypress/runner/cypress_runner.js:162150:10)\n    at Async.drainQueues (http://localhost:41415/__cypress/runner/cypress_runner.js:162024:14)",
                "diff": null
              },
              "uuid": "2e9fc5a3-9d6c-4820-b132-d553de2eb220",
              "parentUUID": "c641041a-51f3-4c70-b755-ecb89b4b0c36",
              "isHook": false,
              "skipped": false
            },
            {
              "title": "Verifica se nenhum valor for colocado no input ao clicar no botão, um `alert` é exibido com o texto: 'Board inválido!'",
              "fullTitle": "10 - Crie um input que permita à pessoa usuária preencher um novo tamanho para o quadro de pixels Verifica se nenhum valor for colocado no input ao clicar no botão, um `alert` é exibido com o texto: 'Board inválido!'",
              "timedOut": null,
              "duration": 4446,
              "state": "failed",
              "speed": null,
              "pass": false,
              "fail": true,
              "pending": false,
              "context": null,
              "code": "var alerted = false;\ncy.on('window:alert', function (msg) {\n  return alerted = msg;\n});\ncy.get('#generate-board').click().then(function () {\n  return expect(alerted).to.match(/Board inválido!/i);\n});",
              "err": {
                "message": "CypressError: Timed out retrying: Expected to find element: '#generate-board', but never found it.",
                "estack": "CypressError: Timed out retrying: Expected to find element: '#generate-board', but never found it.\n    at cypressErr (http://localhost:41415/__cypress/runner/cypress_runner.js:149934:9)\n    at throwErr (http://localhost:41415/__cypress/runner/cypress_runner.js:149867:11)\n    at Object.throwErrByPath (http://localhost:41415/__cypress/runner/cypress_runner.js:149915:3)\n    at retry (http://localhost:41415/__cypress/runner/cypress_runner.js:144197:19)\n    at onFailFn (http://localhost:41415/__cypress/runner/cypress_runner.js:132448:16)\n    at tryCatcher (http://localhost:41415/__cypress/runner/cypress_runner.js:167415:23)\n    at Promise._settlePromiseFromHandler (http://localhost:41415/__cypress/runner/cypress_runner.js:165351:31)\n    at Promise._settlePromise (http://localhost:41415/__cypress/runner/cypress_runner.js:165408:18)\n    at Promise._settlePromise0 (http://localhost:41415/__cypress/runner/cypress_runner.js:165453:10)\n    at Promise._settlePromises (http://localhost:41415/__cypress/runner/cypress_runner.js:165528:18)\n    at Async../node_modules/bluebird/js/release/async.js.Async._drainQueue (http://localhost:41415/__cypress/runner/cypress_runner.js:162140:16)\n    at Async../node_modules/bluebird/js/release/async.js.Async._drainQueues (http://localhost:41415/__cypress/runner/cypress_runner.js:162150:10)\n    at Async.drainQueues (http://localhost:41415/__cypress/runner/cypress_runner.js:162024:14)",
                "diff": null
              },
              "uuid": "736a2b7c-ea3c-4cd4-a03d-7c1db346d051",
              "parentUUID": "c641041a-51f3-4c70-b755-ecb89b4b0c36",
              "isHook": false,
              "skipped": false
            },
            {
              "title": "Verifica se ao clicar no botão com um valor preenchido, o tamanho do board muda.",
              "fullTitle": "10 - Crie um input que permita à pessoa usuária preencher um novo tamanho para o quadro de pixels Verifica se ao clicar no botão com um valor preenchido, o tamanho do board muda.",
              "timedOut": null,
              "duration": 4383,
              "state": "failed",
              "speed": null,
              "pass": false,
              "fail": true,
              "pending": false,
              "context": null,
              "code": "cy.get('#board-size').clear().type(10);\ncy.get('#generate-board').click();\ncy.get('.pixel').should('have.length', 100);",
              "err": {
                "message": "CypressError: Timed out retrying: Expected to find element: '#board-size', but never found it.",
                "estack": "CypressError: Timed out retrying: Expected to find element: '#board-size', but never found it.\n    at cypressErr (http://localhost:41415/__cypress/runner/cypress_runner.js:149934:9)\n    at throwErr (http://localhost:41415/__cypress/runner/cypress_runner.js:149867:11)\n    at Object.throwErrByPath (http://localhost:41415/__cypress/runner/cypress_runner.js:149915:3)\n    at retry (http://localhost:41415/__cypress/runner/cypress_runner.js:144197:19)\n    at onFailFn (http://localhost:41415/__cypress/runner/cypress_runner.js:132448:16)\n    at tryCatcher (http://localhost:41415/__cypress/runner/cypress_runner.js:167415:23)\n    at Promise._settlePromiseFromHandler (http://localhost:41415/__cypress/runner/cypress_runner.js:165351:31)\n    at Promise._settlePromise (http://localhost:41415/__cypress/runner/cypress_runner.js:165408:18)\n    at Promise._settlePromise0 (http://localhost:41415/__cypress/runner/cypress_runner.js:165453:10)\n    at Promise._settlePromises (http://localhost:41415/__cypress/runner/cypress_runner.js:165528:18)\n    at Async../node_modules/bluebird/js/release/async.js.Async._drainQueue (http://localhost:41415/__cypress/runner/cypress_runner.js:162140:16)\n    at Async../node_modules/bluebird/js/release/async.js.Async._drainQueues (http://localhost:41415/__cypress/runner/cypress_runner.js:162150:10)\n    at Async.drainQueues (http://localhost:41415/__cypress/runner/cypress_runner.js:162024:14)",
                "diff": null
              },
              "uuid": "8f9c3f77-eee3-4a03-aaed-7bb56258790c",
              "parentUUID": "c641041a-51f3-4c70-b755-ecb89b4b0c36",
              "isHook": false,
              "skipped": false
            },
            {
              "title": "Verifica se o novo quadro tem todos os pixels preenchidos com a cor branca",
              "fullTitle": "10 - Crie um input que permita à pessoa usuária preencher um novo tamanho para o quadro de pixels Verifica se o novo quadro tem todos os pixels preenchidos com a cor branca",
              "timedOut": null,
              "duration": 4586,
              "state": "failed",
              "speed": null,
              "pass": false,
              "fail": true,
              "pending": false,
              "context": null,
              "code": "cy.get('#board-size').clear().type(6);\ncy.get('#generate-board').click();\ncy.get('.pixel').should('have.length', 36).each(function (pixel) {\n  expect(pixel).to.have.css('background-color', WHITE);\n});",
              "err": {
                "message": "CypressError: Timed out retrying: Expected to find element: '#board-size', but never found it.",
                "estack": "CypressError: Timed out retrying: Expected to find element: '#board-size', but never found it.\n    at cypressErr (http://localhost:41415/__cypress/runner/cypress_runner.js:149934:9)\n    at throwErr (http://localhost:41415/__cypress/runner/cypress_runner.js:149867:11)\n    at Object.throwErrByPath (http://localhost:41415/__cypress/runner/cypress_runner.js:149915:3)\n    at retry (http://localhost:41415/__cypress/runner/cypress_runner.js:144197:19)\n    at onFailFn (http://localhost:41415/__cypress/runner/cypress_runner.js:132448:16)\n    at tryCatcher (http://localhost:41415/__cypress/runner/cypress_runner.js:167415:23)\n    at Promise._settlePromiseFromHandler (http://localhost:41415/__cypress/runner/cypress_runner.js:165351:31)\n    at Promise._settlePromise (http://localhost:41415/__cypress/runner/cypress_runner.js:165408:18)\n    at Promise._settlePromise0 (http://localhost:41415/__cypress/runner/cypress_runner.js:165453:10)\n    at Promise._settlePromises (http://localhost:41415/__cypress/runner/cypress_runner.js:165528:18)\n    at Async../node_modules/bluebird/js/release/async.js.Async._drainQueue (http://localhost:41415/__cypress/runner/cypress_runner.js:162140:16)\n    at Async../node_modules/bluebird/js/release/async.js.Async._drainQueues (http://localhost:41415/__cypress/runner/cypress_runner.js:162150:10)\n    at Async.drainQueues (http://localhost:41415/__cypress/runner/cypress_runner.js:162024:14)",
                "diff": null
              },
              "uuid": "addee5c9-c589-4c3d-b876-ad1ca16190fc",
              "parentUUID": "c641041a-51f3-4c70-b755-ecb89b4b0c36",
              "isHook": false,
              "skipped": false
            }
          ],
          "suites": [],
          "passes": [],
          "failures": [
            "67f2775b-5d34-4dba-961c-d15ef4b36883",
            "b3a52b9e-d9e1-4aa1-a95c-88f1b860a7aa",
            "64352c7e-36c2-4057-adfd-dc02d3364416",
            "f4f64f33-ee6e-4d00-88ff-ad9d0274b3c5",
            "6cec4ac6-d429-4228-83cc-6d927f6526b6",
            "2e9fc5a3-9d6c-4820-b132-d553de2eb220",
            "736a2b7c-ea3c-4cd4-a03d-7c1db346d051",
            "8f9c3f77-eee3-4a03-aaed-7bb56258790c",
            "addee5c9-c589-4c3d-b876-ad1ca16190fc"
          ],
          "pending": [],
          "skipped": [],
          "duration": 40515,
          "root": false,
          "rootEmpty": false,
          "_timeout": 2000
        },
        {
          "uuid": "162223d7-e6e0-402c-9d17-2287cfc53c44",
          "title": "11 - Crie uma função que limite o tamanho mínimo e máximo do quadro de pixels",
          "fullFile": "",
          "file": "",
          "beforeHooks": [],
          "afterHooks": [],
          "tests": [
            {
              "title": "Verifica se a altura máxima do board é 50",
              "fullTitle": "11 - Crie uma função que limite o tamanho mínimo e máximo do quadro de pixels Verifica se a altura máxima do board é 50",
              "timedOut": null,
              "duration": 4586,
              "state": "failed",
              "speed": null,
              "pass": false,
              "fail": true,
              "pending": false,
              "context": null,
              "code": "cy.get('#board-size').clear().type(50);\ncy.get('#generate-board').click();\ncy.get('.pixel').should('have.length', 2500);",
              "err": {
                "message": "CypressError: Timed out retrying: Expected to find element: '#board-size', but never found it.",
                "estack": "CypressError: Timed out retrying: Expected to find element: '#board-size', but never found it.\n    at cypressErr (http://localhost:41415/__cypress/runner/cypress_runner.js:149934:9)\n    at throwErr (http://localhost:41415/__cypress/runner/cypress_runner.js:149867:11)\n    at Object.throwErrByPath (http://localhost:41415/__cypress/runner/cypress_runner.js:149915:3)\n    at retry (http://localhost:41415/__cypress/runner/cypress_runner.js:144197:19)\n    at onFailFn (http://localhost:41415/__cypress/runner/cypress_runner.js:132448:16)\n    at tryCatcher (http://localhost:41415/__cypress/runner/cypress_runner.js:167415:23)\n    at Promise._settlePromiseFromHandler (http://localhost:41415/__cypress/runner/cypress_runner.js:165351:31)\n    at Promise._settlePromise (http://localhost:41415/__cypress/runner/cypress_runner.js:165408:18)\n    at Promise._settlePromise0 (http://localhost:41415/__cypress/runner/cypress_runner.js:165453:10)\n    at Promise._settlePromises (http://localhost:41415/__cypress/runner/cypress_runner.js:165528:18)\n    at Async../node_modules/bluebird/js/release/async.js.Async._drainQueue (http://localhost:41415/__cypress/runner/cypress_runner.js:162140:16)\n    at Async../node_modules/bluebird/js/release/async.js.Async._drainQueues (http://localhost:41415/__cypress/runner/cypress_runner.js:162150:10)\n    at Async.drainQueues (http://localhost:41415/__cypress/runner/cypress_runner.js:162024:14)",
                "diff": null
              },
              "uuid": "fa7da1f5-5a91-4dfe-b961-7f3a6a4f8450",
              "parentUUID": "162223d7-e6e0-402c-9d17-2287cfc53c44",
              "isHook": false,
              "skipped": false
            },
            {
              "title": "Verifica se a altura do board é 5 quando um valor menor é colocado no input",
              "fullTitle": "11 - Crie uma função que limite o tamanho mínimo e máximo do quadro de pixels Verifica se a altura do board é 5 quando um valor menor é colocado no input",
              "timedOut": null,
              "duration": 4499,
              "state": "failed",
              "speed": null,
              "pass": false,
              "fail": true,
              "pending": false,
              "context": null,
              "code": "cy.get('#board-size').clear().type(4);\ncy.get('#generate-board').click();\ncy.get('.pixel').should('have.length', 25);",
              "err": {
                "message": "CypressError: Timed out retrying: Expected to find element: '#board-size', but never found it.",
                "estack": "CypressError: Timed out retrying: Expected to find element: '#board-size', but never found it.\n    at cypressErr (http://localhost:41415/__cypress/runner/cypress_runner.js:149934:9)\n    at throwErr (http://localhost:41415/__cypress/runner/cypress_runner.js:149867:11)\n    at Object.throwErrByPath (http://localhost:41415/__cypress/runner/cypress_runner.js:149915:3)\n    at retry (http://localhost:41415/__cypress/runner/cypress_runner.js:144197:19)\n    at onFailFn (http://localhost:41415/__cypress/runner/cypress_runner.js:132448:16)\n    at tryCatcher (http://localhost:41415/__cypress/runner/cypress_runner.js:167415:23)\n    at Promise._settlePromiseFromHandler (http://localhost:41415/__cypress/runner/cypress_runner.js:165351:31)\n    at Promise._settlePromise (http://localhost:41415/__cypress/runner/cypress_runner.js:165408:18)\n    at Promise._settlePromise0 (http://localhost:41415/__cypress/runner/cypress_runner.js:165453:10)\n    at Promise._settlePromises (http://localhost:41415/__cypress/runner/cypress_runner.js:165528:18)\n    at Async../node_modules/bluebird/js/release/async.js.Async._drainQueue (http://localhost:41415/__cypress/runner/cypress_runner.js:162140:16)\n    at Async../node_modules/bluebird/js/release/async.js.Async._drainQueues (http://localhost:41415/__cypress/runner/cypress_runner.js:162150:10)\n    at Async.drainQueues (http://localhost:41415/__cypress/runner/cypress_runner.js:162024:14)",
                "diff": null
              },
              "uuid": "3e9f33bb-33cf-4280-a4ce-a1347238857e",
              "parentUUID": "162223d7-e6e0-402c-9d17-2287cfc53c44",
              "isHook": false,
              "skipped": false
            },
            {
              "title": "Verifica se a altura do board é 50 quando um valor maior é colocado no input",
              "fullTitle": "11 - Crie uma função que limite o tamanho mínimo e máximo do quadro de pixels Verifica se a altura do board é 50 quando um valor maior é colocado no input",
              "timedOut": null,
              "duration": 4453,
              "state": "failed",
              "speed": null,
              "pass": false,
              "fail": true,
              "pending": false,
              "context": null,
              "code": "cy.get('#board-size').clear().type(51);\ncy.get('#generate-board').click();\ncy.get('.pixel').should('have.length', 2500);",
              "err": {
                "message": "CypressError: Timed out retrying: Expected to find element: '#board-size', but never found it.",
                "estack": "CypressError: Timed out retrying: Expected to find element: '#board-size', but never found it.\n    at cypressErr (http://localhost:41415/__cypress/runner/cypress_runner.js:149934:9)\n    at throwErr (http://localhost:41415/__cypress/runner/cypress_runner.js:149867:11)\n    at Object.throwErrByPath (http://localhost:41415/__cypress/runner/cypress_runner.js:149915:3)\n    at retry (http://localhost:41415/__cypress/runner/cypress_runner.js:144197:19)\n    at onFailFn (http://localhost:41415/__cypress/runner/cypress_runner.js:132448:16)\n    at tryCatcher (http://localhost:41415/__cypress/runner/cypress_runner.js:167415:23)\n    at Promise._settlePromiseFromHandler (http://localhost:41415/__cypress/runner/cypress_runner.js:165351:31)\n    at Promise._settlePromise (http://localhost:41415/__cypress/runner/cypress_runner.js:165408:18)\n    at Promise._settlePromise0 (http://localhost:41415/__cypress/runner/cypress_runner.js:165453:10)\n    at Promise._settlePromises (http://localhost:41415/__cypress/runner/cypress_runner.js:165528:18)\n    at Async../node_modules/bluebird/js/release/async.js.Async._drainQueue (http://localhost:41415/__cypress/runner/cypress_runner.js:162140:16)\n    at Async../node_modules/bluebird/js/release/async.js.Async._drainQueues (http://localhost:41415/__cypress/runner/cypress_runner.js:162150:10)\n    at Async.drainQueues (http://localhost:41415/__cypress/runner/cypress_runner.js:162024:14)",
                "diff": null
              },
              "uuid": "ba5007da-5802-462e-aa2d-0b0bae76f9c3",
              "parentUUID": "162223d7-e6e0-402c-9d17-2287cfc53c44",
              "isHook": false,
              "skipped": false
            }
          ],
          "suites": [],
          "passes": [],
          "failures": [
            "fa7da1f5-5a91-4dfe-b961-7f3a6a4f8450",
            "3e9f33bb-33cf-4280-a4ce-a1347238857e",
            "ba5007da-5802-462e-aa2d-0b0bae76f9c3"
          ],
          "pending": [],
          "skipped": [],
          "duration": 13538,
          "root": false,
          "rootEmpty": false,
          "_timeout": 2000
        },
        {
          "uuid": "4a11c28d-a536-43e8-8014-a506a02f4f4b",
          "title": "12 - Crie uma função para gerar as cores aleatoriamente ao carregar a página, com exceção da cor preta",
          "fullFile": "",
          "file": "",
          "beforeHooks": [],
          "afterHooks": [],
          "tests": [
            {
              "title": "Verifica se as cores geradas na paleta são diferentes a cada carregamento da página",
              "fullTitle": "12 - Crie uma função para gerar as cores aleatoriamente ao carregar a página, com exceção da cor preta Verifica se as cores geradas na paleta são diferentes a cada carregamento da página",
              "timedOut": null,
              "duration": 544,
              "state": "failed",
              "speed": null,
              "pass": false,
              "fail": true,
              "pending": false,
              "context": null,
              "code": "cy.get('.color').then(function (colors) {\n  var currentColors;\n  var previousColors;\n  previousColors = Array.from(colors).map(function (color) {\n    return Cypress.$(color).css('background-color');\n  });\n  for (var i = 0; i < 5; i += 1) {\n    cy.reload();\n    cy.get('.color').then(function (colors) {\n      currentColors = Array.from(colors).map(function (color) {\n        return Cypress.$(color).css('background-color');\n      });\n      expect(currentColors).not.to.deep.equal(previousColors);\n      previousColors = currentColors;\n    });\n  }\n});",
              "err": {
                "message": "AssertionError: expected [ Array(4) ] to not deeply equal [ Array(4) ]",
                "estack": "AssertionError: expected [ Array(4) ] to not deeply equal [ Array(4) ]\n    at getRet (http://localhost:41415/__cypress/runner/cypress_runner.js:136585:16)\n    at tryCatcher (http://localhost:41415/__cypress/runner/cypress_runner.js:167415:23)\n    at Function.Promise.attempt.Promise.try (http://localhost:41415/__cypress/runner/cypress_runner.js:164690:29)\n    at Context.thenFn (http://localhost:41415/__cypress/runner/cypress_runner.js:136599:23)\n    at Context.then (http://localhost:41415/__cypress/runner/cypress_runner.js:136971:21)\n    at Context.<anonymous> (http://localhost:41415/__cypress/runner/cypress_runner.js:148875:21)\n    at http://localhost:41415/__cypress/runner/cypress_runner.js:148351:33\n    at tryCatcher (http://localhost:41415/__cypress/runner/cypress_runner.js:167415:23)\n    at Promise._settlePromiseFromHandler (http://localhost:41415/__cypress/runner/cypress_runner.js:165351:31)\n    at Promise._settlePromise (http://localhost:41415/__cypress/runner/cypress_runner.js:165408:18)\n    at Promise._settlePromiseCtx (http://localhost:41415/__cypress/runner/cypress_runner.js:165445:10)\n    at Async../node_modules/bluebird/js/release/async.js.Async._drainQueue (http://localhost:41415/__cypress/runner/cypress_runner.js:162145:12)\n    at Async../node_modules/bluebird/js/release/async.js.Async._drainQueues (http://localhost:41415/__cypress/runner/cypress_runner.js:162150:10)\n    at Async.drainQueues (http://localhost:41415/__cypress/runner/cypress_runner.js:162024:14)",
                "diff": ""
              },
              "uuid": "9d14de7d-0312-4d95-9587-73c29b47c6f0",
              "parentUUID": "4a11c28d-a536-43e8-8014-a506a02f4f4b",
              "isHook": false,
              "skipped": false
            },
            {
              "title": "Verifica se a cor preta ainda está presente e é a primeira na sua paleta de cores",
              "fullTitle": "12 - Crie uma função para gerar as cores aleatoriamente ao carregar a página, com exceção da cor preta Verifica se a cor preta ainda está presente e é a primeira na sua paleta de cores",
              "timedOut": null,
              "duration": 463,
              "state": "failed",
              "speed": null,
              "pass": false,
              "fail": true,
              "pending": false,
              "context": null,
              "code": "cy.get('.color').then(function (colors) {\n  var currentColors;\n  var previousColors;\n  previousColors = Array.from(colors).map(function (color) {\n    return Cypress.$(color).css('background-color');\n  });\n  expect(previousColors[0]).to.eq(BLACK);\n  for (var i = 0; i < 5; i += 1) {\n    cy.reload();\n    cy.get('.color').then(function (colors) {\n      currentColors = Array.from(colors).map(function (color) {\n        return Cypress.$(color).css('background-color');\n      });\n      expect(currentColors[0]).to.eq(BLACK);\n      expect(currentColors).not.to.deep.equal(previousColors);\n      previousColors = currentColors;\n    });\n  }\n});",
              "err": {
                "message": "AssertionError: expected [ Array(4) ] to not deeply equal [ Array(4) ]",
                "estack": "AssertionError: expected [ Array(4) ] to not deeply equal [ Array(4) ]\n    at getRet (http://localhost:41415/__cypress/runner/cypress_runner.js:136585:16)\n    at tryCatcher (http://localhost:41415/__cypress/runner/cypress_runner.js:167415:23)\n    at Function.Promise.attempt.Promise.try (http://localhost:41415/__cypress/runner/cypress_runner.js:164690:29)\n    at Context.thenFn (http://localhost:41415/__cypress/runner/cypress_runner.js:136599:23)\n    at Context.then (http://localhost:41415/__cypress/runner/cypress_runner.js:136971:21)\n    at Context.<anonymous> (http://localhost:41415/__cypress/runner/cypress_runner.js:148875:21)\n    at http://localhost:41415/__cypress/runner/cypress_runner.js:148351:33\n    at tryCatcher (http://localhost:41415/__cypress/runner/cypress_runner.js:167415:23)\n    at Promise._settlePromiseFromHandler (http://localhost:41415/__cypress/runner/cypress_runner.js:165351:31)\n    at Promise._settlePromise (http://localhost:41415/__cypress/runner/cypress_runner.js:165408:18)\n    at Promise._settlePromiseCtx (http://localhost:41415/__cypress/runner/cypress_runner.js:165445:10)\n    at Async../node_modules/bluebird/js/release/async.js.Async._drainQueue (http://localhost:41415/__cypress/runner/cypress_runner.js:162145:12)\n    at Async../node_modules/bluebird/js/release/async.js.Async._drainQueues (http://localhost:41415/__cypress/runner/cypress_runner.js:162150:10)\n    at Async.drainQueues (http://localhost:41415/__cypress/runner/cypress_runner.js:162024:14)",
                "diff": ""
              },
              "uuid": "84f7031e-cf85-45bc-8f9e-a32879c2d622",
              "parentUUID": "4a11c28d-a536-43e8-8014-a506a02f4f4b",
              "isHook": false,
              "skipped": false
            }
          ],
          "suites": [],
          "passes": [],
          "failures": [
            "9d14de7d-0312-4d95-9587-73c29b47c6f0",
            "84f7031e-cf85-45bc-8f9e-a32879c2d622"
          ],
          "pending": [],
          "skipped": [],
          "duration": 1007,
          "root": false,
          "rootEmpty": false,
          "_timeout": 2000
        }
      ],
      "passes": [],
      "failures": [],
      "pending": [],
      "skipped": [],
      "duration": 0,
      "root": true,
      "rootEmpty": true,
      "_timeout": 2000
    }
  ],
  "meta": {
    "mocha": {
      "version": "7.0.1"
    },
    "mochawesome": {
      "options": {
        "quiet": false,
        "reportFilename": "mochawesome",
        "saveHtml": false,
        "saveJson": true,
        "consoleReporter": "spec",
        "useInlineDiffs": false
      },
      "version": "4.1.0"
    },
    "marge": {
      "options": {
        "id": "default",
        "reportDir": "cypress/reports",
        "overwrite": true,
        "html": false,
        "json": true
      },
      "version": "4.1.0"
    }
  }
}